2012/05/28 22:41:15 [error] [exception.CException] exception 'CException' with message 'CUrlManager.UrlFormat must be either "path" or "get".' in D:\Developments\Environment\Websites\Frameworks\Yii\web\CUrlManager.php:508
Stack trace:
#0 D:\Developments\Environment\Websites\Frameworks\Yii\base\CComponent.php(153): CUrlManager->setUrlFormat('rewrite')
#1 D:\Developments\Environment\Websites\Frameworks\Yii\YiiBase.php(222): CComponent->__set('urlFormat', 'rewrite')
#2 D:\Developments\Environment\Websites\Frameworks\Yii\base\CModule.php(387): YiiBase::createComponent(Array)
#3 D:\Developments\Environment\Websites\Frameworks\Yii\base\CApplication.php(503): CModule->getComponent('urlManager')
#4 D:\Developments\Environment\Websites\Frameworks\Yii\web\CWebApplication.php(134): CApplication->getUrlManager()
#5 D:\Developments\Environment\Websites\Frameworks\Yii\base\CApplication.php(162): CWebApplication->processRequest()
#6 D:\Developments\Website\NcuFresh2012\index.php(13): CApplication->run()
#7 {main}
REQUEST_URI=/NcuFresh2012/
---
2012/05/28 22:41:21 [error] [exception.CHttpException.404] exception 'CHttpException' with message 'Unable to resolve the request "css/print.css".' in D:\Developments\Environment\Websites\Frameworks\Yii\web\CWebApplication.php:280
Stack trace:
#0 D:\Developments\Environment\Websites\Frameworks\Yii\web\CWebApplication.php(135): CWebApplication->runController('css/print.css')
#1 D:\Developments\Environment\Websites\Frameworks\Yii\base\CApplication.php(162): CWebApplication->processRequest()
#2 D:\Developments\Website\NcuFresh2012\index.php(13): CApplication->run()
#3 {main}
REQUEST_URI=/NcuFresh2012/css/print.css
HTTP_REFERER=http://localhost/NcuFresh2012/
---
2012/05/28 22:41:21 [error] [exception.CHttpException.404] exception 'CHttpException' with message 'Unable to resolve the request "css/screen.css".' in D:\Developments\Environment\Websites\Frameworks\Yii\web\CWebApplication.php:280
Stack trace:
#0 D:\Developments\Environment\Websites\Frameworks\Yii\web\CWebApplication.php(135): CWebApplication->runController('css/screen.css')
#1 D:\Developments\Environment\Websites\Frameworks\Yii\base\CApplication.php(162): CWebApplication->processRequest()
#2 D:\Developments\Website\NcuFresh2012\index.php(13): CApplication->run()
#3 {main}
REQUEST_URI=/NcuFresh2012/css/screen.css
HTTP_REFERER=http://localhost/NcuFresh2012/
---
2012/05/28 22:41:21 [error] [exception.CHttpException.404] exception 'CHttpException' with message 'Unable to resolve the request "css/form.css".' in D:\Developments\Environment\Websites\Frameworks\Yii\web\CWebApplication.php:280
Stack trace:
#0 D:\Developments\Environment\Websites\Frameworks\Yii\web\CWebApplication.php(135): CWebApplication->runController('css/form.css')
#1 D:\Developments\Environment\Websites\Frameworks\Yii\base\CApplication.php(162): CWebApplication->processRequest()
#2 D:\Developments\Website\NcuFresh2012\index.php(13): CApplication->run()
#3 {main}
REQUEST_URI=/NcuFresh2012/css/form.css
HTTP_REFERER=http://localhost/NcuFresh2012/
---
2012/05/28 22:41:21 [error] [exception.CHttpException.404] exception 'CHttpException' with message 'Unable to resolve the request "css/main.css".' in D:\Developments\Environment\Websites\Frameworks\Yii\web\CWebApplication.php:280
Stack trace:
#0 D:\Developments\Environment\Websites\Frameworks\Yii\web\CWebApplication.php(135): CWebApplication->runController('css/main.css')
#1 D:\Developments\Environment\Websites\Frameworks\Yii\base\CApplication.php(162): CWebApplication->processRequest()
#2 D:\Developments\Website\NcuFresh2012\index.php(13): CApplication->run()
#3 {main}
REQUEST_URI=/NcuFresh2012/css/main.css
HTTP_REFERER=http://localhost/NcuFresh2012/
---
2012/05/28 22:41:24 [error] [exception.CException] exception 'CException' with message 'AboutController cannot find the requested view "index".' in D:\Developments\Environment\Websites\Frameworks\Yii\web\CController.php:879
Stack trace:
#0 D:\Developments\Environment\Websites\Frameworks\Yii\web\CController.php(783): CController->renderPartial('index', NULL, true)
#1 D:\Developments\Website\NcuFresh2012\application\controllers\AboutController.php(14): CController->render('index')
#2 D:\Developments\Environment\Websites\Frameworks\Yii\web\actions\CInlineAction.php(50): AboutController->actionIndex()
#3 D:\Developments\Environment\Websites\Frameworks\Yii\web\CController.php(309): CInlineAction->runWithParams(Array)
#4 D:\Developments\Environment\Websites\Frameworks\Yii\web\CController.php(287): CController->runAction(Object(CInlineAction))
#5 D:\Developments\Environment\Websites\Frameworks\Yii\web\CController.php(266): CController->runActionWithFilters(Object(CInlineAction), Array)
#6 D:\Developments\Environment\Websites\Frameworks\Yii\web\CWebApplication.php(276): CController->run('')
#7 D:\Developments\Environment\Websites\Frameworks\Yii\web\CWebApplication.php(135): CWebApplication->runController('about')
#8 D:\Developments\Environment\Websites\Frameworks\Yii\base\CApplication.php(162): CWebApplication->processRequest()
#9 D:\Developments\Website\NcuFresh2012\index.php(13): CApplication->run()
#10 {main}
REQUEST_URI=/NcuFresh2012/about
---
2012/05/28 22:42:01 [error] [exception.CException] exception 'CException' with message 'AboutController cannot find the requested view "index".' in D:\Developments\Environment\Websites\Frameworks\Yii\web\CController.php:879
Stack trace:
#0 D:\Developments\Environment\Websites\Frameworks\Yii\web\CController.php(783): CController->renderPartial('index', NULL, true)
#1 D:\Developments\Website\NcuFresh2012\application\controllers\AboutController.php(5): CController->render('index')
#2 D:\Developments\Environment\Websites\Frameworks\Yii\web\actions\CInlineAction.php(50): AboutController->actionIndex()
#3 D:\Developments\Environment\Websites\Frameworks\Yii\web\CController.php(309): CInlineAction->runWithParams(Array)
#4 D:\Developments\Environment\Websites\Frameworks\Yii\web\CController.php(287): CController->runAction(Object(CInlineAction))
#5 D:\Developments\Environment\Websites\Frameworks\Yii\web\CController.php(266): CController->runActionWithFilters(Object(CInlineAction), Array)
#6 D:\Developments\Environment\Websites\Frameworks\Yii\web\CWebApplication.php(276): CController->run('')
#7 D:\Developments\Environment\Websites\Frameworks\Yii\web\CWebApplication.php(135): CWebApplication->runController('about')
#8 D:\Developments\Environment\Websites\Frameworks\Yii\base\CApplication.php(162): CWebApplication->processRequest()
#9 D:\Developments\Website\NcuFresh2012\index.php(13): CApplication->run()
#10 {main}
REQUEST_URI=/NcuFresh2012/about
---
2012/05/28 22:42:57 [error] [exception.CException] exception 'CException' with message 'AboutController cannot find the requested view "index".' in D:\Developments\Environment\Websites\Frameworks\Yii\web\CController.php:879
Stack trace:
#0 D:\Developments\Environment\Websites\Frameworks\Yii\web\CController.php(783): CController->renderPartial('index', NULL, true)
#1 D:\Developments\Website\NcuFresh2012\application\controllers\AboutController.php(5): CController->render('index')
#2 D:\Developments\Environment\Websites\Frameworks\Yii\web\actions\CInlineAction.php(50): AboutController->actionIndex()
#3 D:\Developments\Environment\Websites\Frameworks\Yii\web\CController.php(309): CInlineAction->runWithParams(Array)
#4 D:\Developments\Environment\Websites\Frameworks\Yii\web\CController.php(287): CController->runAction(Object(CInlineAction))
#5 D:\Developments\Environment\Websites\Frameworks\Yii\web\CController.php(266): CController->runActionWithFilters(Object(CInlineAction), Array)
#6 D:\Developments\Environment\Websites\Frameworks\Yii\web\CWebApplication.php(276): CController->run('')
#7 D:\Developments\Environment\Websites\Frameworks\Yii\web\CWebApplication.php(135): CWebApplication->runController('about')
#8 D:\Developments\Environment\Websites\Frameworks\Yii\base\CApplication.php(162): CWebApplication->processRequest()
#9 D:\Developments\Website\NcuFresh2012\index.php(13): CApplication->run()
#10 {main}
REQUEST_URI=/NcuFresh2012/about
---
2012/05/28 22:43:51 [error] [exception.CHttpException.404] exception 'CHttpException' with message 'Unable to resolve the request "css/screen.css".' in D:\Developments\Environment\Websites\Frameworks\Yii\web\CWebApplication.php:280
Stack trace:
#0 D:\Developments\Environment\Websites\Frameworks\Yii\web\CWebApplication.php(135): CWebApplication->runController('css/screen.css')
#1 D:\Developments\Environment\Websites\Frameworks\Yii\base\CApplication.php(162): CWebApplication->processRequest()
#2 D:\Developments\Website\NcuFresh2012\index.php(13): CApplication->run()
#3 {main}
REQUEST_URI=/NcuFresh2012/css/screen.css
HTTP_REFERER=http://localhost/NcuFresh2012/about
---
2012/05/28 22:43:51 [error] [exception.CHttpException.404] exception 'CHttpException' with message 'Unable to resolve the request "css/main.css".' in D:\Developments\Environment\Websites\Frameworks\Yii\web\CWebApplication.php:280
Stack trace:
#0 D:\Developments\Environment\Websites\Frameworks\Yii\web\CWebApplication.php(135): CWebApplication->runController('css/main.css')
#1 D:\Developments\Environment\Websites\Frameworks\Yii\base\CApplication.php(162): CWebApplication->processRequest()
#2 D:\Developments\Website\NcuFresh2012\index.php(13): CApplication->run()
#3 {main}
REQUEST_URI=/NcuFresh2012/css/main.css
HTTP_REFERER=http://localhost/NcuFresh2012/about
---
2012/05/28 22:43:51 [error] [exception.CHttpException.404] exception 'CHttpException' with message 'Unable to resolve the request "css/print.css".' in D:\Developments\Environment\Websites\Frameworks\Yii\web\CWebApplication.php:280
Stack trace:
#0 D:\Developments\Environment\Websites\Frameworks\Yii\web\CWebApplication.php(135): CWebApplication->runController('css/print.css')
#1 D:\Developments\Environment\Websites\Frameworks\Yii\base\CApplication.php(162): CWebApplication->processRequest()
#2 D:\Developments\Website\NcuFresh2012\index.php(13): CApplication->run()
#3 {main}
REQUEST_URI=/NcuFresh2012/css/print.css
HTTP_REFERER=http://localhost/NcuFresh2012/about
---
2012/05/28 22:43:51 [error] [exception.CHttpException.404] exception 'CHttpException' with message 'Unable to resolve the request "css/form.css".' in D:\Developments\Environment\Websites\Frameworks\Yii\web\CWebApplication.php:280
Stack trace:
#0 D:\Developments\Environment\Websites\Frameworks\Yii\web\CWebApplication.php(135): CWebApplication->runController('css/form.css')
#1 D:\Developments\Environment\Websites\Frameworks\Yii\base\CApplication.php(162): CWebApplication->processRequest()
#2 D:\Developments\Website\NcuFresh2012\index.php(13): CApplication->run()
#3 {main}
REQUEST_URI=/NcuFresh2012/css/form.css
HTTP_REFERER=http://localhost/NcuFresh2012/about
---
2012/05/28 22:43:58 [error] [exception.CHttpException.404] exception 'CHttpException' with message 'Unable to resolve the request "css/screen.css".' in D:\Developments\Environment\Websites\Frameworks\Yii\web\CWebApplication.php:280
Stack trace:
#0 D:\Developments\Environment\Websites\Frameworks\Yii\web\CWebApplication.php(135): CWebApplication->runController('css/screen.css')
#1 D:\Developments\Environment\Websites\Frameworks\Yii\base\CApplication.php(162): CWebApplication->processRequest()
#2 D:\Developments\Website\NcuFresh2012\index.php(13): CApplication->run()
#3 {main}
REQUEST_URI=/NcuFresh2012/css/screen.css
HTTP_REFERER=http://localhost/NcuFresh2012/about
---
2012/05/28 22:43:58 [error] [exception.CHttpException.404] exception 'CHttpException' with message 'Unable to resolve the request "css/main.css".' in D:\Developments\Environment\Websites\Frameworks\Yii\web\CWebApplication.php:280
Stack trace:
#0 D:\Developments\Environment\Websites\Frameworks\Yii\web\CWebApplication.php(135): CWebApplication->runController('css/main.css')
#1 D:\Developments\Environment\Websites\Frameworks\Yii\base\CApplication.php(162): CWebApplication->processRequest()
#2 D:\Developments\Website\NcuFresh2012\index.php(13): CApplication->run()
#3 {main}
REQUEST_URI=/NcuFresh2012/css/main.css
HTTP_REFERER=http://localhost/NcuFresh2012/about
---
2012/05/28 22:43:58 [error] [exception.CHttpException.404] exception 'CHttpException' with message 'Unable to resolve the request "css/form.css".' in D:\Developments\Environment\Websites\Frameworks\Yii\web\CWebApplication.php:280
Stack trace:
#0 D:\Developments\Environment\Websites\Frameworks\Yii\web\CWebApplication.php(135): CWebApplication->runController('css/form.css')
#1 D:\Developments\Environment\Websites\Frameworks\Yii\base\CApplication.php(162): CWebApplication->processRequest()
#2 D:\Developments\Website\NcuFresh2012\index.php(13): CApplication->run()
#3 {main}
REQUEST_URI=/NcuFresh2012/css/form.css
HTTP_REFERER=http://localhost/NcuFresh2012/about
---
2012/05/28 22:43:58 [error] [exception.CHttpException.404] exception 'CHttpException' with message 'Unable to resolve the request "css/print.css".' in D:\Developments\Environment\Websites\Frameworks\Yii\web\CWebApplication.php:280
Stack trace:
#0 D:\Developments\Environment\Websites\Frameworks\Yii\web\CWebApplication.php(135): CWebApplication->runController('css/print.css')
#1 D:\Developments\Environment\Websites\Frameworks\Yii\base\CApplication.php(162): CWebApplication->processRequest()
#2 D:\Developments\Website\NcuFresh2012\index.php(13): CApplication->run()
#3 {main}
REQUEST_URI=/NcuFresh2012/css/print.css
HTTP_REFERER=http://localhost/NcuFresh2012/about
---
2012/05/28 22:43:59 [error] [exception.CHttpException.404] exception 'CHttpException' with message 'Unable to resolve the request "css/screen.css".' in D:\Developments\Environment\Websites\Frameworks\Yii\web\CWebApplication.php:280
Stack trace:
#0 D:\Developments\Environment\Websites\Frameworks\Yii\web\CWebApplication.php(135): CWebApplication->runController('css/screen.css')
#1 D:\Developments\Environment\Websites\Frameworks\Yii\base\CApplication.php(162): CWebApplication->processRequest()
#2 D:\Developments\Website\NcuFresh2012\index.php(13): CApplication->run()
#3 {main}
REQUEST_URI=/NcuFresh2012/css/screen.css
HTTP_REFERER=http://localhost/NcuFresh2012/about
---
2012/05/28 22:43:59 [error] [exception.CHttpException.404] exception 'CHttpException' with message 'Unable to resolve the request "css/print.css".' in D:\Developments\Environment\Websites\Frameworks\Yii\web\CWebApplication.php:280
Stack trace:
#0 D:\Developments\Environment\Websites\Frameworks\Yii\web\CWebApplication.php(135): CWebApplication->runController('css/print.css')
#1 D:\Developments\Environment\Websites\Frameworks\Yii\base\CApplication.php(162): CWebApplication->processRequest()
#2 D:\Developments\Website\NcuFresh2012\index.php(13): CApplication->run()
#3 {main}
REQUEST_URI=/NcuFresh2012/css/print.css
HTTP_REFERER=http://localhost/NcuFresh2012/about
---
2012/05/28 22:43:59 [error] [exception.CHttpException.404] exception 'CHttpException' with message 'Unable to resolve the request "css/form.css".' in D:\Developments\Environment\Websites\Frameworks\Yii\web\CWebApplication.php:280
Stack trace:
#0 D:\Developments\Environment\Websites\Frameworks\Yii\web\CWebApplication.php(135): CWebApplication->runController('css/form.css')
#1 D:\Developments\Environment\Websites\Frameworks\Yii\base\CApplication.php(162): CWebApplication->processRequest()
#2 D:\Developments\Website\NcuFresh2012\index.php(13): CApplication->run()
#3 {main}
REQUEST_URI=/NcuFresh2012/css/form.css
HTTP_REFERER=http://localhost/NcuFresh2012/about
---
2012/05/28 22:43:59 [error] [exception.CHttpException.404] exception 'CHttpException' with message 'Unable to resolve the request "css/main.css".' in D:\Developments\Environment\Websites\Frameworks\Yii\web\CWebApplication.php:280
Stack trace:
#0 D:\Developments\Environment\Websites\Frameworks\Yii\web\CWebApplication.php(135): CWebApplication->runController('css/main.css')
#1 D:\Developments\Environment\Websites\Frameworks\Yii\base\CApplication.php(162): CWebApplication->processRequest()
#2 D:\Developments\Website\NcuFresh2012\index.php(13): CApplication->run()
#3 {main}
REQUEST_URI=/NcuFresh2012/css/main.css
HTTP_REFERER=http://localhost/NcuFresh2012/about
---
2012/05/28 22:44:36 [error] [exception.CHttpException.404] exception 'CHttpException' with message 'Unable to resolve the request "css/screen.css".' in D:\Developments\Environment\Websites\Frameworks\Yii\web\CWebApplication.php:280
Stack trace:
#0 D:\Developments\Environment\Websites\Frameworks\Yii\web\CWebApplication.php(135): CWebApplication->runController('css/screen.css')
#1 D:\Developments\Environment\Websites\Frameworks\Yii\base\CApplication.php(162): CWebApplication->processRequest()
#2 D:\Developments\Website\NcuFresh2012\index.php(13): CApplication->run()
#3 {main}
REQUEST_URI=/NcuFresh2012/css/screen.css
HTTP_REFERER=http://localhost/NcuFresh2012/about
---
2012/05/28 22:44:36 [error] [exception.CHttpException.404] exception 'CHttpException' with message 'Unable to resolve the request "css/print.css".' in D:\Developments\Environment\Websites\Frameworks\Yii\web\CWebApplication.php:280
Stack trace:
#0 D:\Developments\Environment\Websites\Frameworks\Yii\web\CWebApplication.php(135): CWebApplication->runController('css/print.css')
#1 D:\Developments\Environment\Websites\Frameworks\Yii\base\CApplication.php(162): CWebApplication->processRequest()
#2 D:\Developments\Website\NcuFresh2012\index.php(13): CApplication->run()
#3 {main}
REQUEST_URI=/NcuFresh2012/css/print.css
HTTP_REFERER=http://localhost/NcuFresh2012/about
---
2012/05/28 22:44:36 [error] [exception.CHttpException.404] exception 'CHttpException' with message 'Unable to resolve the request "css/main.css".' in D:\Developments\Environment\Websites\Frameworks\Yii\web\CWebApplication.php:280
Stack trace:
#0 D:\Developments\Environment\Websites\Frameworks\Yii\web\CWebApplication.php(135): CWebApplication->runController('css/main.css')
#1 D:\Developments\Environment\Websites\Frameworks\Yii\base\CApplication.php(162): CWebApplication->processRequest()
#2 D:\Developments\Website\NcuFresh2012\index.php(13): CApplication->run()
#3 {main}
REQUEST_URI=/NcuFresh2012/css/main.css
HTTP_REFERER=http://localhost/NcuFresh2012/about
---
2012/05/28 22:44:36 [error] [exception.CHttpException.404] exception 'CHttpException' with message 'Unable to resolve the request "css/form.css".' in D:\Developments\Environment\Websites\Frameworks\Yii\web\CWebApplication.php:280
Stack trace:
#0 D:\Developments\Environment\Websites\Frameworks\Yii\web\CWebApplication.php(135): CWebApplication->runController('css/form.css')
#1 D:\Developments\Environment\Websites\Frameworks\Yii\base\CApplication.php(162): CWebApplication->processRequest()
#2 D:\Developments\Website\NcuFresh2012\index.php(13): CApplication->run()
#3 {main}
REQUEST_URI=/NcuFresh2012/css/form.css
HTTP_REFERER=http://localhost/NcuFresh2012/about
---
2012/05/28 22:44:56 [error] [exception.CHttpException.404] exception 'CHttpException' with message 'Unable to resolve the request "css/screen.css".' in D:\Developments\Environment\Websites\Frameworks\Yii\web\CWebApplication.php:280
Stack trace:
#0 D:\Developments\Environment\Websites\Frameworks\Yii\web\CWebApplication.php(135): CWebApplication->runController('css/screen.css')
#1 D:\Developments\Environment\Websites\Frameworks\Yii\base\CApplication.php(162): CWebApplication->processRequest()
#2 D:\Developments\Website\NcuFresh2012\index.php(13): CApplication->run()
#3 {main}
REQUEST_URI=/NcuFresh2012/css/screen.css
HTTP_REFERER=http://localhost/NcuFresh2012/about
---
2012/05/28 22:44:56 [error] [exception.CHttpException.404] exception 'CHttpException' with message 'Unable to resolve the request "css/form.css".' in D:\Developments\Environment\Websites\Frameworks\Yii\web\CWebApplication.php:280
Stack trace:
#0 D:\Developments\Environment\Websites\Frameworks\Yii\web\CWebApplication.php(135): CWebApplication->runController('css/form.css')
#1 D:\Developments\Environment\Websites\Frameworks\Yii\base\CApplication.php(162): CWebApplication->processRequest()
#2 D:\Developments\Website\NcuFresh2012\index.php(13): CApplication->run()
#3 {main}
REQUEST_URI=/NcuFresh2012/css/form.css
HTTP_REFERER=http://localhost/NcuFresh2012/about
---
2012/05/28 22:44:57 [error] [exception.CHttpException.404] exception 'CHttpException' with message 'Unable to resolve the request "css/main.css".' in D:\Developments\Environment\Websites\Frameworks\Yii\web\CWebApplication.php:280
Stack trace:
#0 D:\Developments\Environment\Websites\Frameworks\Yii\web\CWebApplication.php(135): CWebApplication->runController('css/main.css')
#1 D:\Developments\Environment\Websites\Frameworks\Yii\base\CApplication.php(162): CWebApplication->processRequest()
#2 D:\Developments\Website\NcuFresh2012\index.php(13): CApplication->run()
#3 {main}
REQUEST_URI=/NcuFresh2012/css/main.css
HTTP_REFERER=http://localhost/NcuFresh2012/about
---
2012/05/28 22:44:57 [error] [exception.CHttpException.404] exception 'CHttpException' with message 'Unable to resolve the request "css/print.css".' in D:\Developments\Environment\Websites\Frameworks\Yii\web\CWebApplication.php:280
Stack trace:
#0 D:\Developments\Environment\Websites\Frameworks\Yii\web\CWebApplication.php(135): CWebApplication->runController('css/print.css')
#1 D:\Developments\Environment\Websites\Frameworks\Yii\base\CApplication.php(162): CWebApplication->processRequest()
#2 D:\Developments\Website\NcuFresh2012\index.php(13): CApplication->run()
#3 {main}
REQUEST_URI=/NcuFresh2012/css/print.css
HTTP_REFERER=http://localhost/NcuFresh2012/about
---
2012/05/28 22:45:11 [error] [exception.CHttpException.404] exception 'CHttpException' with message 'Unable to resolve the request "css/print.css".' in D:\Developments\Environment\Websites\Frameworks\Yii\web\CWebApplication.php:280
Stack trace:
#0 D:\Developments\Environment\Websites\Frameworks\Yii\web\CWebApplication.php(135): CWebApplication->runController('css/print.css')
#1 D:\Developments\Environment\Websites\Frameworks\Yii\base\CApplication.php(162): CWebApplication->processRequest()
#2 D:\Developments\Website\NcuFresh2012\index.php(13): CApplication->run()
#3 {main}
REQUEST_URI=/NcuFresh2012/css/print.css
HTTP_REFERER=http://localhost/NcuFresh2012/about
---
2012/05/28 22:45:11 [error] [exception.CHttpException.404] exception 'CHttpException' with message 'Unable to resolve the request "css/main.css".' in D:\Developments\Environment\Websites\Frameworks\Yii\web\CWebApplication.php:280
Stack trace:
#0 D:\Developments\Environment\Websites\Frameworks\Yii\web\CWebApplication.php(135): CWebApplication->runController('css/main.css')
#1 D:\Developments\Environment\Websites\Frameworks\Yii\base\CApplication.php(162): CWebApplication->processRequest()
#2 D:\Developments\Website\NcuFresh2012\index.php(13): CApplication->run()
#3 {main}
REQUEST_URI=/NcuFresh2012/css/main.css
HTTP_REFERER=http://localhost/NcuFresh2012/about
---
2012/05/28 22:45:11 [error] [exception.CHttpException.404] exception 'CHttpException' with message 'Unable to resolve the request "css/screen.css".' in D:\Developments\Environment\Websites\Frameworks\Yii\web\CWebApplication.php:280
Stack trace:
#0 D:\Developments\Environment\Websites\Frameworks\Yii\web\CWebApplication.php(135): CWebApplication->runController('css/screen.css')
#1 D:\Developments\Environment\Websites\Frameworks\Yii\base\CApplication.php(162): CWebApplication->processRequest()
#2 D:\Developments\Website\NcuFresh2012\index.php(13): CApplication->run()
#3 {main}
REQUEST_URI=/NcuFresh2012/css/screen.css
HTTP_REFERER=http://localhost/NcuFresh2012/about
---
2012/05/28 22:45:11 [error] [exception.CHttpException.404] exception 'CHttpException' with message 'Unable to resolve the request "css/form.css".' in D:\Developments\Environment\Websites\Frameworks\Yii\web\CWebApplication.php:280
Stack trace:
#0 D:\Developments\Environment\Websites\Frameworks\Yii\web\CWebApplication.php(135): CWebApplication->runController('css/form.css')
#1 D:\Developments\Environment\Websites\Frameworks\Yii\base\CApplication.php(162): CWebApplication->processRequest()
#2 D:\Developments\Website\NcuFresh2012\index.php(13): CApplication->run()
#3 {main}
REQUEST_URI=/NcuFresh2012/css/form.css
HTTP_REFERER=http://localhost/NcuFresh2012/about
---
2012/05/28 22:45:29 [error] [exception.CHttpException.404] exception 'CHttpException' with message 'Unable to resolve the request "css/form.css".' in D:\Developments\Environment\Websites\Frameworks\Yii\web\CWebApplication.php:280
Stack trace:
#0 D:\Developments\Environment\Websites\Frameworks\Yii\web\CWebApplication.php(135): CWebApplication->runController('css/form.css')
#1 D:\Developments\Environment\Websites\Frameworks\Yii\base\CApplication.php(162): CWebApplication->processRequest()
#2 D:\Developments\Website\NcuFresh2012\index.php(13): CApplication->run()
#3 {main}
REQUEST_URI=/NcuFresh2012/css/form.css
HTTP_REFERER=http://localhost/NcuFresh2012/about
---
2012/05/28 22:45:29 [error] [exception.CHttpException.404] exception 'CHttpException' with message 'Unable to resolve the request "css/main.css".' in D:\Developments\Environment\Websites\Frameworks\Yii\web\CWebApplication.php:280
Stack trace:
#0 D:\Developments\Environment\Websites\Frameworks\Yii\web\CWebApplication.php(135): CWebApplication->runController('css/main.css')
#1 D:\Developments\Environment\Websites\Frameworks\Yii\base\CApplication.php(162): CWebApplication->processRequest()
#2 D:\Developments\Website\NcuFresh2012\index.php(13): CApplication->run()
#3 {main}
REQUEST_URI=/NcuFresh2012/css/main.css
HTTP_REFERER=http://localhost/NcuFresh2012/about
---
2012/05/28 22:45:29 [error] [exception.CHttpException.404] exception 'CHttpException' with message 'Unable to resolve the request "css/screen.css".' in D:\Developments\Environment\Websites\Frameworks\Yii\web\CWebApplication.php:280
Stack trace:
#0 D:\Developments\Environment\Websites\Frameworks\Yii\web\CWebApplication.php(135): CWebApplication->runController('css/screen.css')
#1 D:\Developments\Environment\Websites\Frameworks\Yii\base\CApplication.php(162): CWebApplication->processRequest()
#2 D:\Developments\Website\NcuFresh2012\index.php(13): CApplication->run()
#3 {main}
REQUEST_URI=/NcuFresh2012/css/screen.css
HTTP_REFERER=http://localhost/NcuFresh2012/about
---
2012/05/28 22:45:29 [error] [exception.CHttpException.404] exception 'CHttpException' with message 'Unable to resolve the request "css/print.css".' in D:\Developments\Environment\Websites\Frameworks\Yii\web\CWebApplication.php:280
Stack trace:
#0 D:\Developments\Environment\Websites\Frameworks\Yii\web\CWebApplication.php(135): CWebApplication->runController('css/print.css')
#1 D:\Developments\Environment\Websites\Frameworks\Yii\base\CApplication.php(162): CWebApplication->processRequest()
#2 D:\Developments\Website\NcuFresh2012\index.php(13): CApplication->run()
#3 {main}
REQUEST_URI=/NcuFresh2012/css/print.css
HTTP_REFERER=http://localhost/NcuFresh2012/about
---
2012/05/28 22:50:11 [error] [exception.CHttpException.404] exception 'CHttpException' with message 'Unable to resolve the request "css/form.css".' in D:\Developments\Environment\Websites\Frameworks\Yii\web\CWebApplication.php:280
Stack trace:
#0 D:\Developments\Environment\Websites\Frameworks\Yii\web\CWebApplication.php(135): CWebApplication->runController('css/form.css')
#1 D:\Developments\Environment\Websites\Frameworks\Yii\base\CApplication.php(162): CWebApplication->processRequest()
#2 D:\Developments\Website\NcuFresh2012\index.php(13): CApplication->run()
#3 {main}
REQUEST_URI=/NcuFresh2012/css/form.css
HTTP_REFERER=http://localhost/NcuFresh2012/about
---
2012/05/28 22:50:11 [error] [exception.CHttpException.404] exception 'CHttpException' with message 'Unable to resolve the request "css/main.css".' in D:\Developments\Environment\Websites\Frameworks\Yii\web\CWebApplication.php:280
Stack trace:
#0 D:\Developments\Environment\Websites\Frameworks\Yii\web\CWebApplication.php(135): CWebApplication->runController('css/main.css')
#1 D:\Developments\Environment\Websites\Frameworks\Yii\base\CApplication.php(162): CWebApplication->processRequest()
#2 D:\Developments\Website\NcuFresh2012\index.php(13): CApplication->run()
#3 {main}
REQUEST_URI=/NcuFresh2012/css/main.css
HTTP_REFERER=http://localhost/NcuFresh2012/about
---
2012/05/28 22:50:11 [error] [exception.CHttpException.404] exception 'CHttpException' with message 'Unable to resolve the request "css/screen.css".' in D:\Developments\Environment\Websites\Frameworks\Yii\web\CWebApplication.php:280
Stack trace:
#0 D:\Developments\Environment\Websites\Frameworks\Yii\web\CWebApplication.php(135): CWebApplication->runController('css/screen.css')
#1 D:\Developments\Environment\Websites\Frameworks\Yii\base\CApplication.php(162): CWebApplication->processRequest()
#2 D:\Developments\Website\NcuFresh2012\index.php(13): CApplication->run()
#3 {main}
REQUEST_URI=/NcuFresh2012/css/screen.css
HTTP_REFERER=http://localhost/NcuFresh2012/about
---
2012/05/28 22:50:11 [error] [exception.CHttpException.404] exception 'CHttpException' with message 'Unable to resolve the request "css/print.css".' in D:\Developments\Environment\Websites\Frameworks\Yii\web\CWebApplication.php:280
Stack trace:
#0 D:\Developments\Environment\Websites\Frameworks\Yii\web\CWebApplication.php(135): CWebApplication->runController('css/print.css')
#1 D:\Developments\Environment\Websites\Frameworks\Yii\base\CApplication.php(162): CWebApplication->processRequest()
#2 D:\Developments\Website\NcuFresh2012\index.php(13): CApplication->run()
#3 {main}
REQUEST_URI=/NcuFresh2012/css/print.css
HTTP_REFERER=http://localhost/NcuFresh2012/about
---
2012/05/28 22:50:12 [error] [exception.CHttpException.404] exception 'CHttpException' with message 'Unable to resolve the request "css/screen.css".' in D:\Developments\Environment\Websites\Frameworks\Yii\web\CWebApplication.php:280
Stack trace:
#0 D:\Developments\Environment\Websites\Frameworks\Yii\web\CWebApplication.php(135): CWebApplication->runController('css/screen.css')
#1 D:\Developments\Environment\Websites\Frameworks\Yii\base\CApplication.php(162): CWebApplication->processRequest()
#2 D:\Developments\Website\NcuFresh2012\index.php(13): CApplication->run()
#3 {main}
REQUEST_URI=/NcuFresh2012/css/screen.css
HTTP_REFERER=http://localhost/NcuFresh2012/about
---
2012/05/28 22:50:12 [error] [exception.CHttpException.404] exception 'CHttpException' with message 'Unable to resolve the request "css/form.css".' in D:\Developments\Environment\Websites\Frameworks\Yii\web\CWebApplication.php:280
Stack trace:
#0 D:\Developments\Environment\Websites\Frameworks\Yii\web\CWebApplication.php(135): CWebApplication->runController('css/form.css')
#1 D:\Developments\Environment\Websites\Frameworks\Yii\base\CApplication.php(162): CWebApplication->processRequest()
#2 D:\Developments\Website\NcuFresh2012\index.php(13): CApplication->run()
#3 {main}
REQUEST_URI=/NcuFresh2012/css/form.css
HTTP_REFERER=http://localhost/NcuFresh2012/about
---
2012/05/28 22:50:12 [error] [exception.CHttpException.404] exception 'CHttpException' with message 'Unable to resolve the request "css/print.css".' in D:\Developments\Environment\Websites\Frameworks\Yii\web\CWebApplication.php:280
Stack trace:
#0 D:\Developments\Environment\Websites\Frameworks\Yii\web\CWebApplication.php(135): CWebApplication->runController('css/print.css')
#1 D:\Developments\Environment\Websites\Frameworks\Yii\base\CApplication.php(162): CWebApplication->processRequest()
#2 D:\Developments\Website\NcuFresh2012\index.php(13): CApplication->run()
#3 {main}
REQUEST_URI=/NcuFresh2012/css/print.css
HTTP_REFERER=http://localhost/NcuFresh2012/about
---
2012/05/28 22:50:12 [error] [exception.CHttpException.404] exception 'CHttpException' with message 'Unable to resolve the request "css/main.css".' in D:\Developments\Environment\Websites\Frameworks\Yii\web\CWebApplication.php:280
Stack trace:
#0 D:\Developments\Environment\Websites\Frameworks\Yii\web\CWebApplication.php(135): CWebApplication->runController('css/main.css')
#1 D:\Developments\Environment\Websites\Frameworks\Yii\base\CApplication.php(162): CWebApplication->processRequest()
#2 D:\Developments\Website\NcuFresh2012\index.php(13): CApplication->run()
#3 {main}
REQUEST_URI=/NcuFresh2012/css/main.css
HTTP_REFERER=http://localhost/NcuFresh2012/about
---
2012/05/28 22:50:12 [error] [exception.CHttpException.404] exception 'CHttpException' with message 'Unable to resolve the request "css/screen.css".' in D:\Developments\Environment\Websites\Frameworks\Yii\web\CWebApplication.php:280
Stack trace:
#0 D:\Developments\Environment\Websites\Frameworks\Yii\web\CWebApplication.php(135): CWebApplication->runController('css/screen.css')
#1 D:\Developments\Environment\Websites\Frameworks\Yii\base\CApplication.php(162): CWebApplication->processRequest()
#2 D:\Developments\Website\NcuFresh2012\index.php(13): CApplication->run()
#3 {main}
REQUEST_URI=/NcuFresh2012/css/screen.css
HTTP_REFERER=http://localhost/NcuFresh2012/about
---
2012/05/28 22:50:12 [error] [exception.CHttpException.404] exception 'CHttpException' with message 'Unable to resolve the request "css/main.css".' in D:\Developments\Environment\Websites\Frameworks\Yii\web\CWebApplication.php:280
Stack trace:
#0 D:\Developments\Environment\Websites\Frameworks\Yii\web\CWebApplication.php(135): CWebApplication->runController('css/main.css')
#1 D:\Developments\Environment\Websites\Frameworks\Yii\base\CApplication.php(162): CWebApplication->processRequest()
#2 D:\Developments\Website\NcuFresh2012\index.php(13): CApplication->run()
#3 {main}
REQUEST_URI=/NcuFresh2012/css/main.css
HTTP_REFERER=http://localhost/NcuFresh2012/about
---
2012/05/28 22:50:12 [error] [exception.CHttpException.404] exception 'CHttpException' with message 'Unable to resolve the request "css/print.css".' in D:\Developments\Environment\Websites\Frameworks\Yii\web\CWebApplication.php:280
Stack trace:
#0 D:\Developments\Environment\Websites\Frameworks\Yii\web\CWebApplication.php(135): CWebApplication->runController('css/print.css')
#1 D:\Developments\Environment\Websites\Frameworks\Yii\base\CApplication.php(162): CWebApplication->processRequest()
#2 D:\Developments\Website\NcuFresh2012\index.php(13): CApplication->run()
#3 {main}
REQUEST_URI=/NcuFresh2012/css/print.css
HTTP_REFERER=http://localhost/NcuFresh2012/about
---
2012/05/28 22:50:12 [error] [exception.CHttpException.404] exception 'CHttpException' with message 'Unable to resolve the request "css/form.css".' in D:\Developments\Environment\Websites\Frameworks\Yii\web\CWebApplication.php:280
Stack trace:
#0 D:\Developments\Environment\Websites\Frameworks\Yii\web\CWebApplication.php(135): CWebApplication->runController('css/form.css')
#1 D:\Developments\Environment\Websites\Frameworks\Yii\base\CApplication.php(162): CWebApplication->processRequest()
#2 D:\Developments\Website\NcuFresh2012\index.php(13): CApplication->run()
#3 {main}
REQUEST_URI=/NcuFresh2012/css/form.css
HTTP_REFERER=http://localhost/NcuFresh2012/about
---
2012/05/28 22:50:14 [error] [exception.CHttpException.404] exception 'CHttpException' with message 'Unable to resolve the request "css/main.css".' in D:\Developments\Environment\Websites\Frameworks\Yii\web\CWebApplication.php:280
Stack trace:
#0 D:\Developments\Environment\Websites\Frameworks\Yii\web\CWebApplication.php(135): CWebApplication->runController('css/main.css')
#1 D:\Developments\Environment\Websites\Frameworks\Yii\base\CApplication.php(162): CWebApplication->processRequest()
#2 D:\Developments\Website\NcuFresh2012\index.php(13): CApplication->run()
#3 {main}
REQUEST_URI=/NcuFresh2012/css/main.css
HTTP_REFERER=http://localhost/NcuFresh2012/
---
2012/05/28 22:50:14 [error] [exception.CHttpException.404] exception 'CHttpException' with message 'Unable to resolve the request "css/screen.css".' in D:\Developments\Environment\Websites\Frameworks\Yii\web\CWebApplication.php:280
Stack trace:
#0 D:\Developments\Environment\Websites\Frameworks\Yii\web\CWebApplication.php(135): CWebApplication->runController('css/screen.css')
#1 D:\Developments\Environment\Websites\Frameworks\Yii\base\CApplication.php(162): CWebApplication->processRequest()
#2 D:\Developments\Website\NcuFresh2012\index.php(13): CApplication->run()
#3 {main}
REQUEST_URI=/NcuFresh2012/css/screen.css
HTTP_REFERER=http://localhost/NcuFresh2012/
---
2012/05/28 22:50:14 [error] [exception.CHttpException.404] exception 'CHttpException' with message 'Unable to resolve the request "css/print.css".' in D:\Developments\Environment\Websites\Frameworks\Yii\web\CWebApplication.php:280
Stack trace:
#0 D:\Developments\Environment\Websites\Frameworks\Yii\web\CWebApplication.php(135): CWebApplication->runController('css/print.css')
#1 D:\Developments\Environment\Websites\Frameworks\Yii\base\CApplication.php(162): CWebApplication->processRequest()
#2 D:\Developments\Website\NcuFresh2012\index.php(13): CApplication->run()
#3 {main}
REQUEST_URI=/NcuFresh2012/css/print.css
HTTP_REFERER=http://localhost/NcuFresh2012/
---
2012/05/28 22:50:14 [error] [exception.CHttpException.404] exception 'CHttpException' with message 'Unable to resolve the request "css/form.css".' in D:\Developments\Environment\Websites\Frameworks\Yii\web\CWebApplication.php:280
Stack trace:
#0 D:\Developments\Environment\Websites\Frameworks\Yii\web\CWebApplication.php(135): CWebApplication->runController('css/form.css')
#1 D:\Developments\Environment\Websites\Frameworks\Yii\base\CApplication.php(162): CWebApplication->processRequest()
#2 D:\Developments\Website\NcuFresh2012\index.php(13): CApplication->run()
#3 {main}
REQUEST_URI=/NcuFresh2012/css/form.css
HTTP_REFERER=http://localhost/NcuFresh2012/
---
2012/05/28 22:50:15 [error] [exception.CHttpException.404] exception 'CHttpException' with message 'Unable to resolve the request "css/screen.css".' in D:\Developments\Environment\Websites\Frameworks\Yii\web\CWebApplication.php:280
Stack trace:
#0 D:\Developments\Environment\Websites\Frameworks\Yii\web\CWebApplication.php(135): CWebApplication->runController('css/screen.css')
#1 D:\Developments\Environment\Websites\Frameworks\Yii\base\CApplication.php(162): CWebApplication->processRequest()
#2 D:\Developments\Website\NcuFresh2012\index.php(13): CApplication->run()
#3 {main}
REQUEST_URI=/NcuFresh2012/css/screen.css
HTTP_REFERER=http://localhost/NcuFresh2012/
---
2012/05/28 22:50:15 [error] [exception.CHttpException.404] exception 'CHttpException' with message 'Unable to resolve the request "css/main.css".' in D:\Developments\Environment\Websites\Frameworks\Yii\web\CWebApplication.php:280
Stack trace:
#0 D:\Developments\Environment\Websites\Frameworks\Yii\web\CWebApplication.php(135): CWebApplication->runController('css/main.css')
#1 D:\Developments\Environment\Websites\Frameworks\Yii\base\CApplication.php(162): CWebApplication->processRequest()
#2 D:\Developments\Website\NcuFresh2012\index.php(13): CApplication->run()
#3 {main}
REQUEST_URI=/NcuFresh2012/css/main.css
HTTP_REFERER=http://localhost/NcuFresh2012/
---
2012/05/28 22:50:15 [error] [exception.CHttpException.404] exception 'CHttpException' with message 'Unable to resolve the request "css/form.css".' in D:\Developments\Environment\Websites\Frameworks\Yii\web\CWebApplication.php:280
Stack trace:
#0 D:\Developments\Environment\Websites\Frameworks\Yii\web\CWebApplication.php(135): CWebApplication->runController('css/form.css')
#1 D:\Developments\Environment\Websites\Frameworks\Yii\base\CApplication.php(162): CWebApplication->processRequest()
#2 D:\Developments\Website\NcuFresh2012\index.php(13): CApplication->run()
#3 {main}
REQUEST_URI=/NcuFresh2012/css/form.css
HTTP_REFERER=http://localhost/NcuFresh2012/
---
2012/05/28 22:50:15 [error] [exception.CHttpException.404] exception 'CHttpException' with message 'Unable to resolve the request "css/print.css".' in D:\Developments\Environment\Websites\Frameworks\Yii\web\CWebApplication.php:280
Stack trace:
#0 D:\Developments\Environment\Websites\Frameworks\Yii\web\CWebApplication.php(135): CWebApplication->runController('css/print.css')
#1 D:\Developments\Environment\Websites\Frameworks\Yii\base\CApplication.php(162): CWebApplication->processRequest()
#2 D:\Developments\Website\NcuFresh2012\index.php(13): CApplication->run()
#3 {main}
REQUEST_URI=/NcuFresh2012/css/print.css
HTTP_REFERER=http://localhost/NcuFresh2012/
---
2012/05/28 22:50:58 [error] [exception.CHttpException.404] exception 'CHttpException' with message 'Unable to resolve the request "css/print.css".' in D:\Developments\Environment\Websites\Frameworks\Yii\web\CWebApplication.php:280
Stack trace:
#0 D:\Developments\Environment\Websites\Frameworks\Yii\web\CWebApplication.php(135): CWebApplication->runController('css/print.css')
#1 D:\Developments\Environment\Websites\Frameworks\Yii\base\CApplication.php(162): CWebApplication->processRequest()
#2 D:\Developments\Website\NcuFresh2012\index.php(13): CApplication->run()
#3 {main}
REQUEST_URI=/NcuFresh2012/css/print.css
HTTP_REFERER=http://localhost/NcuFresh2012/
---
2012/05/28 22:50:58 [error] [exception.CHttpException.404] exception 'CHttpException' with message 'Unable to resolve the request "css/screen.css".' in D:\Developments\Environment\Websites\Frameworks\Yii\web\CWebApplication.php:280
Stack trace:
#0 D:\Developments\Environment\Websites\Frameworks\Yii\web\CWebApplication.php(135): CWebApplication->runController('css/screen.css')
#1 D:\Developments\Environment\Websites\Frameworks\Yii\base\CApplication.php(162): CWebApplication->processRequest()
#2 D:\Developments\Website\NcuFresh2012\index.php(13): CApplication->run()
#3 {main}
REQUEST_URI=/NcuFresh2012/css/screen.css
HTTP_REFERER=http://localhost/NcuFresh2012/
---
2012/05/28 22:50:58 [error] [exception.CHttpException.404] exception 'CHttpException' with message 'Unable to resolve the request "css/main.css".' in D:\Developments\Environment\Websites\Frameworks\Yii\web\CWebApplication.php:280
Stack trace:
#0 D:\Developments\Environment\Websites\Frameworks\Yii\web\CWebApplication.php(135): CWebApplication->runController('css/main.css')
#1 D:\Developments\Environment\Websites\Frameworks\Yii\base\CApplication.php(162): CWebApplication->processRequest()
#2 D:\Developments\Website\NcuFresh2012\index.php(13): CApplication->run()
#3 {main}
REQUEST_URI=/NcuFresh2012/css/main.css
HTTP_REFERER=http://localhost/NcuFresh2012/
---
2012/05/28 22:50:58 [error] [exception.CHttpException.404] exception 'CHttpException' with message 'Unable to resolve the request "css/form.css".' in D:\Developments\Environment\Websites\Frameworks\Yii\web\CWebApplication.php:280
Stack trace:
#0 D:\Developments\Environment\Websites\Frameworks\Yii\web\CWebApplication.php(135): CWebApplication->runController('css/form.css')
#1 D:\Developments\Environment\Websites\Frameworks\Yii\base\CApplication.php(162): CWebApplication->processRequest()
#2 D:\Developments\Website\NcuFresh2012\index.php(13): CApplication->run()
#3 {main}
REQUEST_URI=/NcuFresh2012/css/form.css
HTTP_REFERER=http://localhost/NcuFresh2012/
---
2012/05/28 23:02:12 [error] [exception.CHttpException.404] exception 'CHttpException' with message 'Unable to resolve the request "css/screen.css".' in D:\Developments\Environment\Websites\Frameworks\Yii\web\CWebApplication.php:280
Stack trace:
#0 D:\Developments\Environment\Websites\Frameworks\Yii\web\CWebApplication.php(135): CWebApplication->runController('css/screen.css')
#1 D:\Developments\Environment\Websites\Frameworks\Yii\base\CApplication.php(162): CWebApplication->processRequest()
#2 D:\Developments\Website\NcuFresh2012\index.php(13): CApplication->run()
#3 {main}
REQUEST_URI=/NcuFresh2012/css/screen.css
HTTP_REFERER=http://localhost/NcuFresh2012/
---
2012/05/28 23:02:12 [error] [exception.CHttpException.404] exception 'CHttpException' with message 'Unable to resolve the request "css/form.css".' in D:\Developments\Environment\Websites\Frameworks\Yii\web\CWebApplication.php:280
Stack trace:
#0 D:\Developments\Environment\Websites\Frameworks\Yii\web\CWebApplication.php(135): CWebApplication->runController('css/form.css')
#1 D:\Developments\Environment\Websites\Frameworks\Yii\base\CApplication.php(162): CWebApplication->processRequest()
#2 D:\Developments\Website\NcuFresh2012\index.php(13): CApplication->run()
#3 {main}
REQUEST_URI=/NcuFresh2012/css/form.css
HTTP_REFERER=http://localhost/NcuFresh2012/
---
2012/05/28 23:02:12 [error] [exception.CHttpException.404] exception 'CHttpException' with message 'Unable to resolve the request "css/print.css".' in D:\Developments\Environment\Websites\Frameworks\Yii\web\CWebApplication.php:280
Stack trace:
#0 D:\Developments\Environment\Websites\Frameworks\Yii\web\CWebApplication.php(135): CWebApplication->runController('css/print.css')
#1 D:\Developments\Environment\Websites\Frameworks\Yii\base\CApplication.php(162): CWebApplication->processRequest()
#2 D:\Developments\Website\NcuFresh2012\index.php(13): CApplication->run()
#3 {main}
REQUEST_URI=/NcuFresh2012/css/print.css
HTTP_REFERER=http://localhost/NcuFresh2012/
---
2012/05/28 23:02:12 [error] [exception.CHttpException.404] exception 'CHttpException' with message 'Unable to resolve the request "css/main.css".' in D:\Developments\Environment\Websites\Frameworks\Yii\web\CWebApplication.php:280
Stack trace:
#0 D:\Developments\Environment\Websites\Frameworks\Yii\web\CWebApplication.php(135): CWebApplication->runController('css/main.css')
#1 D:\Developments\Environment\Websites\Frameworks\Yii\base\CApplication.php(162): CWebApplication->processRequest()
#2 D:\Developments\Website\NcuFresh2012\index.php(13): CApplication->run()
#3 {main}
REQUEST_URI=/NcuFresh2012/css/main.css
HTTP_REFERER=http://localhost/NcuFresh2012/
---
2012/05/28 23:02:13 [error] [exception.CHttpException.404] exception 'CHttpException' with message 'Unable to resolve the request "css/main.css".' in D:\Developments\Environment\Websites\Frameworks\Yii\web\CWebApplication.php:280
Stack trace:
#0 D:\Developments\Environment\Websites\Frameworks\Yii\web\CWebApplication.php(135): CWebApplication->runController('css/main.css')
#1 D:\Developments\Environment\Websites\Frameworks\Yii\base\CApplication.php(162): CWebApplication->processRequest()
#2 D:\Developments\Website\NcuFresh2012\index.php(13): CApplication->run()
#3 {main}
REQUEST_URI=/NcuFresh2012/css/main.css
HTTP_REFERER=http://localhost/NcuFresh2012/
---
2012/05/28 23:02:13 [error] [exception.CHttpException.404] exception 'CHttpException' with message 'Unable to resolve the request "css/form.css".' in D:\Developments\Environment\Websites\Frameworks\Yii\web\CWebApplication.php:280
Stack trace:
#0 D:\Developments\Environment\Websites\Frameworks\Yii\web\CWebApplication.php(135): CWebApplication->runController('css/form.css')
#1 D:\Developments\Environment\Websites\Frameworks\Yii\base\CApplication.php(162): CWebApplication->processRequest()
#2 D:\Developments\Website\NcuFresh2012\index.php(13): CApplication->run()
#3 {main}
REQUEST_URI=/NcuFresh2012/css/form.css
HTTP_REFERER=http://localhost/NcuFresh2012/
---
2012/05/28 23:02:13 [error] [exception.CHttpException.404] exception 'CHttpException' with message 'Unable to resolve the request "css/screen.css".' in D:\Developments\Environment\Websites\Frameworks\Yii\web\CWebApplication.php:280
Stack trace:
#0 D:\Developments\Environment\Websites\Frameworks\Yii\web\CWebApplication.php(135): CWebApplication->runController('css/screen.css')
#1 D:\Developments\Environment\Websites\Frameworks\Yii\base\CApplication.php(162): CWebApplication->processRequest()
#2 D:\Developments\Website\NcuFresh2012\index.php(13): CApplication->run()
#3 {main}
REQUEST_URI=/NcuFresh2012/css/screen.css
HTTP_REFERER=http://localhost/NcuFresh2012/
---
2012/05/28 23:02:13 [error] [exception.CHttpException.404] exception 'CHttpException' with message 'Unable to resolve the request "css/print.css".' in D:\Developments\Environment\Websites\Frameworks\Yii\web\CWebApplication.php:280
Stack trace:
#0 D:\Developments\Environment\Websites\Frameworks\Yii\web\CWebApplication.php(135): CWebApplication->runController('css/print.css')
#1 D:\Developments\Environment\Websites\Frameworks\Yii\base\CApplication.php(162): CWebApplication->processRequest()
#2 D:\Developments\Website\NcuFresh2012\index.php(13): CApplication->run()
#3 {main}
REQUEST_URI=/NcuFresh2012/css/print.css
HTTP_REFERER=http://localhost/NcuFresh2012/
---
2012/05/29 11:48:11 [error] [exception.CException] exception 'CException' with message 'Property "SiteController.title" is not defined.' in D:\Developments\Environment\Websites\Frameworks\Yii\base\CComponent.php:131
Stack trace:
#0 D:\Developments\Website\NcuFresh2012\application\views\layouts\main.php(12): CComponent->__get('title')
#1 D:\Developments\Environment\Websites\Frameworks\Yii\web\CBaseController.php(127): require('D:\Developments...')
#2 D:\Developments\Environment\Websites\Frameworks\Yii\web\CBaseController.php(96): CBaseController->renderInternal('D:\Developments...', Array, true)
#3 D:\Developments\Environment\Websites\Frameworks\Yii\web\CController.php(785): CBaseController->renderFile('D:\Developments...', Array, true)
#4 D:\Developments\Website\NcuFresh2012\application\controllers\SiteController.php(33): CController->render('index')
#5 D:\Developments\Environment\Websites\Frameworks\Yii\web\actions\CInlineAction.php(50): SiteController->actionIndex()
#6 D:\Developments\Environment\Websites\Frameworks\Yii\web\CController.php(309): CInlineAction->runWithParams(Array)
#7 D:\Developments\Environment\Websites\Frameworks\Yii\web\CController.php(287): CController->runAction(Object(CInlineAction))
#8 D:\Developments\Environment\Websites\Frameworks\Yii\web\CController.php(266): CController->runActionWithFilters(Object(CInlineAction), Array)
#9 D:\Developments\Environment\Websites\Frameworks\Yii\web\CWebApplication.php(276): CController->run('')
#10 D:\Developments\Environment\Websites\Frameworks\Yii\web\CWebApplication.php(135): CWebApplication->runController('')
#11 D:\Developments\Environment\Websites\Frameworks\Yii\base\CApplication.php(162): CWebApplication->processRequest()
#12 D:\Developments\Website\NcuFresh2012\index.php(13): CApplication->run()
#13 {main}
REQUEST_URI=/NcuFresh2012/
---
2012/05/29 11:48:51 [error] [exception.CException] exception 'CException' with message 'Property "SiteController.title" is not defined.' in D:\Developments\Environment\Websites\Frameworks\Yii\base\CComponent.php:174
Stack trace:
#0 D:\Developments\Website\NcuFresh2012\application\views\site\index.php(1): CComponent->__set('title', 'My Application')
#1 D:\Developments\Environment\Websites\Frameworks\Yii\web\CBaseController.php(127): require('D:\Developments...')
#2 D:\Developments\Environment\Websites\Frameworks\Yii\web\CBaseController.php(96): CBaseController->renderInternal('D:\Developments...', NULL, true)
#3 D:\Developments\Environment\Websites\Frameworks\Yii\web\CController.php(870): CBaseController->renderFile('D:\Developments...', NULL, true)
#4 D:\Developments\Environment\Websites\Frameworks\Yii\web\CController.php(783): CController->renderPartial('index', NULL, true)
#5 D:\Developments\Website\NcuFresh2012\application\controllers\SiteController.php(33): CController->render('index')
#6 D:\Developments\Environment\Websites\Frameworks\Yii\web\actions\CInlineAction.php(50): SiteController->actionIndex()
#7 D:\Developments\Environment\Websites\Frameworks\Yii\web\CController.php(309): CInlineAction->runWithParams(Array)
#8 D:\Developments\Environment\Websites\Frameworks\Yii\web\CController.php(287): CController->runAction(Object(CInlineAction))
#9 D:\Developments\Environment\Websites\Frameworks\Yii\web\CController.php(266): CController->runActionWithFilters(Object(CInlineAction), Array)
#10 D:\Developments\Environment\Websites\Frameworks\Yii\web\CWebApplication.php(276): CController->run('')
#11 D:\Developments\Environment\Websites\Frameworks\Yii\web\CWebApplication.php(135): CWebApplication->runController('')
#12 D:\Developments\Environment\Websites\Frameworks\Yii\base\CApplication.php(162): CWebApplication->processRequest()
#13 D:\Developments\Website\NcuFresh2012\index.php(13): CApplication->run()
#14 {main}
REQUEST_URI=/NcuFresh2012/
---
2012/05/29 11:48:52 [error] [exception.CException] exception 'CException' with message 'Property "SiteController.title" is not defined.' in D:\Developments\Environment\Websites\Frameworks\Yii\base\CComponent.php:174
Stack trace:
#0 D:\Developments\Website\NcuFresh2012\application\views\site\index.php(1): CComponent->__set('title', 'My Application')
#1 D:\Developments\Environment\Websites\Frameworks\Yii\web\CBaseController.php(127): require('D:\Developments...')
#2 D:\Developments\Environment\Websites\Frameworks\Yii\web\CBaseController.php(96): CBaseController->renderInternal('D:\Developments...', NULL, true)
#3 D:\Developments\Environment\Websites\Frameworks\Yii\web\CController.php(870): CBaseController->renderFile('D:\Developments...', NULL, true)
#4 D:\Developments\Environment\Websites\Frameworks\Yii\web\CController.php(783): CController->renderPartial('index', NULL, true)
#5 D:\Developments\Website\NcuFresh2012\application\controllers\SiteController.php(33): CController->render('index')
#6 D:\Developments\Environment\Websites\Frameworks\Yii\web\actions\CInlineAction.php(50): SiteController->actionIndex()
#7 D:\Developments\Environment\Websites\Frameworks\Yii\web\CController.php(309): CInlineAction->runWithParams(Array)
#8 D:\Developments\Environment\Websites\Frameworks\Yii\web\CController.php(287): CController->runAction(Object(CInlineAction))
#9 D:\Developments\Environment\Websites\Frameworks\Yii\web\CController.php(266): CController->runActionWithFilters(Object(CInlineAction), Array)
#10 D:\Developments\Environment\Websites\Frameworks\Yii\web\CWebApplication.php(276): CController->run('')
#11 D:\Developments\Environment\Websites\Frameworks\Yii\web\CWebApplication.php(135): CWebApplication->runController('')
#12 D:\Developments\Environment\Websites\Frameworks\Yii\base\CApplication.php(162): CWebApplication->processRequest()
#13 D:\Developments\Website\NcuFresh2012\index.php(13): CApplication->run()
#14 {main}
REQUEST_URI=/NcuFresh2012/
---
2012/05/29 11:51:04 [error] [exception.CException] exception 'CException' with message 'Property "SiteController.controller" is not defined.' in D:\Developments\Environment\Websites\Frameworks\Yii\base\CComponent.php:131
Stack trace:
#0 D:\Developments\Website\NcuFresh2012\application\views\layouts\main.php(15): CComponent->__get('controller')
#1 D:\Developments\Environment\Websites\Frameworks\Yii\web\CBaseController.php(127): require('D:\Developments...')
#2 D:\Developments\Environment\Websites\Frameworks\Yii\web\CBaseController.php(96): CBaseController->renderInternal('D:\Developments...', Array, true)
#3 D:\Developments\Environment\Websites\Frameworks\Yii\web\CController.php(785): CBaseController->renderFile('D:\Developments...', Array, true)
#4 D:\Developments\Website\NcuFresh2012\application\controllers\SiteController.php(33): CController->render('index')
#5 D:\Developments\Environment\Websites\Frameworks\Yii\web\actions\CInlineAction.php(50): SiteController->actionIndex()
#6 D:\Developments\Environment\Websites\Frameworks\Yii\web\CController.php(309): CInlineAction->runWithParams(Array)
#7 D:\Developments\Environment\Websites\Frameworks\Yii\web\CController.php(287): CController->runAction(Object(CInlineAction))
#8 D:\Developments\Environment\Websites\Frameworks\Yii\web\CController.php(266): CController->runActionWithFilters(Object(CInlineAction), Array)
#9 D:\Developments\Environment\Websites\Frameworks\Yii\web\CWebApplication.php(276): CController->run('')
#10 D:\Developments\Environment\Websites\Frameworks\Yii\web\CWebApplication.php(135): CWebApplication->runController('')
#11 D:\Developments\Environment\Websites\Frameworks\Yii\base\CApplication.php(162): CWebApplication->processRequest()
#12 D:\Developments\Website\NcuFresh2012\index.php(13): CApplication->run()
#13 {main}
REQUEST_URI=/NcuFresh2012/
---
2012/05/29 11:52:14 [error] [exception.CHttpException.404] exception 'CHttpException' with message 'Unable to resolve the request "statics/style.css".' in D:\Developments\Environment\Websites\Frameworks\Yii\web\CWebApplication.php:280
Stack trace:
#0 D:\Developments\Environment\Websites\Frameworks\Yii\web\CWebApplication.php(135): CWebApplication->runController('statics/style.c...')
#1 D:\Developments\Environment\Websites\Frameworks\Yii\base\CApplication.php(162): CWebApplication->processRequest()
#2 D:\Developments\Website\NcuFresh2012\index.php(13): CApplication->run()
#3 {main}
REQUEST_URI=/NcuFresh2012/statics/style.css
HTTP_REFERER=http://localhost/NcuFresh2012/
---
2012/05/29 11:52:14 [error] [exception.CHttpException.404] exception 'CHttpException' with message 'Unable to resolve the request "statics/print.css".' in D:\Developments\Environment\Websites\Frameworks\Yii\web\CWebApplication.php:280
Stack trace:
#0 D:\Developments\Environment\Websites\Frameworks\Yii\web\CWebApplication.php(135): CWebApplication->runController('statics/print.c...')
#1 D:\Developments\Environment\Websites\Frameworks\Yii\base\CApplication.php(162): CWebApplication->processRequest()
#2 D:\Developments\Website\NcuFresh2012\index.php(13): CApplication->run()
#3 {main}
REQUEST_URI=/NcuFresh2012/statics/print.css
HTTP_REFERER=http://localhost/NcuFresh2012/
---
2012/05/29 11:53:37 [error] [exception.CHttpException.404] exception 'CHttpException' with message 'Unable to resolve the request "statics/style.css".' in D:\Developments\Environment\Websites\Frameworks\Yii\web\CWebApplication.php:280
Stack trace:
#0 D:\Developments\Environment\Websites\Frameworks\Yii\web\CWebApplication.php(135): CWebApplication->runController('statics/style.c...')
#1 D:\Developments\Environment\Websites\Frameworks\Yii\base\CApplication.php(162): CWebApplication->processRequest()
#2 D:\Developments\Website\NcuFresh2012\index.php(13): CApplication->run()
#3 {main}
REQUEST_URI=/NcuFresh2012/statics/style.css
HTTP_REFERER=http://localhost/NcuFresh2012/
---
2012/05/29 11:53:37 [error] [exception.CHttpException.404] exception 'CHttpException' with message 'Unable to resolve the request "statics/print.css".' in D:\Developments\Environment\Websites\Frameworks\Yii\web\CWebApplication.php:280
Stack trace:
#0 D:\Developments\Environment\Websites\Frameworks\Yii\web\CWebApplication.php(135): CWebApplication->runController('statics/print.c...')
#1 D:\Developments\Environment\Websites\Frameworks\Yii\base\CApplication.php(162): CWebApplication->processRequest()
#2 D:\Developments\Website\NcuFresh2012\index.php(13): CApplication->run()
#3 {main}
REQUEST_URI=/NcuFresh2012/statics/print.css
HTTP_REFERER=http://localhost/NcuFresh2012/
---
2012/05/29 11:55:33 [error] [exception.CHttpException.404] exception 'CHttpException' with message 'Unable to resolve the request "statics/style.css".' in D:\Developments\Environment\Websites\Frameworks\Yii\web\CWebApplication.php:280
Stack trace:
#0 D:\Developments\Environment\Websites\Frameworks\Yii\web\CWebApplication.php(135): CWebApplication->runController('statics/style.c...')
#1 D:\Developments\Environment\Websites\Frameworks\Yii\base\CApplication.php(162): CWebApplication->processRequest()
#2 D:\Developments\Website\NcuFresh2012\index.php(13): CApplication->run()
#3 {main}
REQUEST_URI=/NcuFresh2012/statics/style.css
HTTP_REFERER=http://localhost/NcuFresh2012/
---
2012/05/29 11:55:33 [error] [exception.CHttpException.404] exception 'CHttpException' with message 'Unable to resolve the request "statics/print.css".' in D:\Developments\Environment\Websites\Frameworks\Yii\web\CWebApplication.php:280
Stack trace:
#0 D:\Developments\Environment\Websites\Frameworks\Yii\web\CWebApplication.php(135): CWebApplication->runController('statics/print.c...')
#1 D:\Developments\Environment\Websites\Frameworks\Yii\base\CApplication.php(162): CWebApplication->processRequest()
#2 D:\Developments\Website\NcuFresh2012\index.php(13): CApplication->run()
#3 {main}
REQUEST_URI=/NcuFresh2012/statics/print.css
HTTP_REFERER=http://localhost/NcuFresh2012/
---
2012/05/29 11:55:41 [error] [exception.CHttpException.404] exception 'CHttpException' with message 'Unable to resolve the request "statics/style.css".' in D:\Developments\Environment\Websites\Frameworks\Yii\web\CWebApplication.php:280
Stack trace:
#0 D:\Developments\Environment\Websites\Frameworks\Yii\web\CWebApplication.php(135): CWebApplication->runController('statics/style.c...')
#1 D:\Developments\Environment\Websites\Frameworks\Yii\base\CApplication.php(162): CWebApplication->processRequest()
#2 D:\Developments\Website\NcuFresh2012\index.php(13): CApplication->run()
#3 {main}
REQUEST_URI=/NcuFresh2012/statics/style.css
HTTP_REFERER=http://localhost/NcuFresh2012/
---
2012/05/29 11:55:41 [error] [exception.CHttpException.404] exception 'CHttpException' with message 'Unable to resolve the request "statics/print.css".' in D:\Developments\Environment\Websites\Frameworks\Yii\web\CWebApplication.php:280
Stack trace:
#0 D:\Developments\Environment\Websites\Frameworks\Yii\web\CWebApplication.php(135): CWebApplication->runController('statics/print.c...')
#1 D:\Developments\Environment\Websites\Frameworks\Yii\base\CApplication.php(162): CWebApplication->processRequest()
#2 D:\Developments\Website\NcuFresh2012\index.php(13): CApplication->run()
#3 {main}
REQUEST_URI=/NcuFresh2012/statics/print.css
HTTP_REFERER=http://localhost/NcuFresh2012/
---
2012/05/29 11:55:42 [error] [exception.CHttpException.404] exception 'CHttpException' with message 'Unable to resolve the request "statics/print.css".' in D:\Developments\Environment\Websites\Frameworks\Yii\web\CWebApplication.php:280
Stack trace:
#0 D:\Developments\Environment\Websites\Frameworks\Yii\web\CWebApplication.php(135): CWebApplication->runController('statics/print.c...')
#1 D:\Developments\Environment\Websites\Frameworks\Yii\base\CApplication.php(162): CWebApplication->processRequest()
#2 D:\Developments\Website\NcuFresh2012\index.php(13): CApplication->run()
#3 {main}
REQUEST_URI=/NcuFresh2012/statics/print.css
HTTP_REFERER=http://localhost/NcuFresh2012/
---
2012/05/29 11:55:42 [error] [exception.CHttpException.404] exception 'CHttpException' with message 'Unable to resolve the request "statics/style.css".' in D:\Developments\Environment\Websites\Frameworks\Yii\web\CWebApplication.php:280
Stack trace:
#0 D:\Developments\Environment\Websites\Frameworks\Yii\web\CWebApplication.php(135): CWebApplication->runController('statics/style.c...')
#1 D:\Developments\Environment\Websites\Frameworks\Yii\base\CApplication.php(162): CWebApplication->processRequest()
#2 D:\Developments\Website\NcuFresh2012\index.php(13): CApplication->run()
#3 {main}
REQUEST_URI=/NcuFresh2012/statics/style.css
HTTP_REFERER=http://localhost/NcuFresh2012/
---
2012/05/29 11:55:51 [error] [exception.CHttpException.404] exception 'CHttpException' with message 'Unable to resolve the request "statics/style.css".' in D:\Developments\Environment\Websites\Frameworks\Yii\web\CWebApplication.php:280
Stack trace:
#0 D:\Developments\Environment\Websites\Frameworks\Yii\web\CWebApplication.php(135): CWebApplication->runController('statics/style.c...')
#1 D:\Developments\Environment\Websites\Frameworks\Yii\base\CApplication.php(162): CWebApplication->processRequest()
#2 D:\Developments\Website\NcuFresh2012\index.php(13): CApplication->run()
#3 {main}
REQUEST_URI=/NcuFresh2012/statics/style.css
HTTP_REFERER=http://localhost/NcuFresh2012/
---
2012/05/29 11:55:51 [error] [exception.CHttpException.404] exception 'CHttpException' with message 'Unable to resolve the request "statics/print.css".' in D:\Developments\Environment\Websites\Frameworks\Yii\web\CWebApplication.php:280
Stack trace:
#0 D:\Developments\Environment\Websites\Frameworks\Yii\web\CWebApplication.php(135): CWebApplication->runController('statics/print.c...')
#1 D:\Developments\Environment\Websites\Frameworks\Yii\base\CApplication.php(162): CWebApplication->processRequest()
#2 D:\Developments\Website\NcuFresh2012\index.php(13): CApplication->run()
#3 {main}
REQUEST_URI=/NcuFresh2012/statics/print.css
HTTP_REFERER=http://localhost/NcuFresh2012/
---
2012/05/29 11:55:53 [error] [exception.CHttpException.404] exception 'CHttpException' with message 'Unable to resolve the request "statics/print.css".' in D:\Developments\Environment\Websites\Frameworks\Yii\web\CWebApplication.php:280
Stack trace:
#0 D:\Developments\Environment\Websites\Frameworks\Yii\web\CWebApplication.php(135): CWebApplication->runController('statics/print.c...')
#1 D:\Developments\Environment\Websites\Frameworks\Yii\base\CApplication.php(162): CWebApplication->processRequest()
#2 D:\Developments\Website\NcuFresh2012\index.php(13): CApplication->run()
#3 {main}
REQUEST_URI=/NcuFresh2012/statics/print.css
HTTP_REFERER=http://localhost/NcuFresh2012/
---
2012/05/29 11:55:53 [error] [exception.CHttpException.404] exception 'CHttpException' with message 'Unable to resolve the request "statics/style.css".' in D:\Developments\Environment\Websites\Frameworks\Yii\web\CWebApplication.php:280
Stack trace:
#0 D:\Developments\Environment\Websites\Frameworks\Yii\web\CWebApplication.php(135): CWebApplication->runController('statics/style.c...')
#1 D:\Developments\Environment\Websites\Frameworks\Yii\base\CApplication.php(162): CWebApplication->processRequest()
#2 D:\Developments\Website\NcuFresh2012\index.php(13): CApplication->run()
#3 {main}
REQUEST_URI=/NcuFresh2012/statics/style.css
HTTP_REFERER=http://localhost/NcuFresh2012/
---
2012/05/29 11:56:01 [error] [exception.CHttpException.404] exception 'CHttpException' with message 'Unable to resolve the request "statics/style.css".' in D:\Developments\Environment\Websites\Frameworks\Yii\web\CWebApplication.php:280
Stack trace:
#0 D:\Developments\Environment\Websites\Frameworks\Yii\web\CWebApplication.php(135): CWebApplication->runController('statics/style.c...')
#1 D:\Developments\Environment\Websites\Frameworks\Yii\base\CApplication.php(162): CWebApplication->processRequest()
#2 D:\Developments\Website\NcuFresh2012\index.php(13): CApplication->run()
#3 {main}
REQUEST_URI=/NcuFresh2012/statics/style.css
HTTP_REFERER=http://localhost/NcuFresh2012/
---
2012/05/29 11:56:01 [error] [exception.CHttpException.404] exception 'CHttpException' with message 'Unable to resolve the request "statics/print.css".' in D:\Developments\Environment\Websites\Frameworks\Yii\web\CWebApplication.php:280
Stack trace:
#0 D:\Developments\Environment\Websites\Frameworks\Yii\web\CWebApplication.php(135): CWebApplication->runController('statics/print.c...')
#1 D:\Developments\Environment\Websites\Frameworks\Yii\base\CApplication.php(162): CWebApplication->processRequest()
#2 D:\Developments\Website\NcuFresh2012\index.php(13): CApplication->run()
#3 {main}
REQUEST_URI=/NcuFresh2012/statics/print.css
HTTP_REFERER=http://localhost/NcuFresh2012/
---
2012/05/29 11:57:02 [error] [exception.CHttpException.404] exception 'CHttpException' with message 'Unable to resolve the request "statics/style.css".' in D:\Developments\Environment\Websites\Frameworks\Yii\web\CWebApplication.php:280
Stack trace:
#0 D:\Developments\Environment\Websites\Frameworks\Yii\web\CWebApplication.php(135): CWebApplication->runController('statics/style.c...')
#1 D:\Developments\Environment\Websites\Frameworks\Yii\base\CApplication.php(162): CWebApplication->processRequest()
#2 D:\Developments\Website\NcuFresh2012\index.php(13): CApplication->run()
#3 {main}
REQUEST_URI=/NcuFresh2012/statics/style.css
HTTP_REFERER=http://localhost/NcuFresh2012/
---
2012/05/29 11:57:02 [error] [exception.CHttpException.404] exception 'CHttpException' with message 'Unable to resolve the request "statics/print.css".' in D:\Developments\Environment\Websites\Frameworks\Yii\web\CWebApplication.php:280
Stack trace:
#0 D:\Developments\Environment\Websites\Frameworks\Yii\web\CWebApplication.php(135): CWebApplication->runController('statics/print.c...')
#1 D:\Developments\Environment\Websites\Frameworks\Yii\base\CApplication.php(162): CWebApplication->processRequest()
#2 D:\Developments\Website\NcuFresh2012\index.php(13): CApplication->run()
#3 {main}
REQUEST_URI=/NcuFresh2012/statics/print.css
HTTP_REFERER=http://localhost/NcuFresh2012/
---
2012/05/29 11:57:03 [error] [exception.CHttpException.404] exception 'CHttpException' with message 'Unable to resolve the request "statics/style.css".' in D:\Developments\Environment\Websites\Frameworks\Yii\web\CWebApplication.php:280
Stack trace:
#0 D:\Developments\Environment\Websites\Frameworks\Yii\web\CWebApplication.php(135): CWebApplication->runController('statics/style.c...')
#1 D:\Developments\Environment\Websites\Frameworks\Yii\base\CApplication.php(162): CWebApplication->processRequest()
#2 D:\Developments\Website\NcuFresh2012\index.php(13): CApplication->run()
#3 {main}
REQUEST_URI=/NcuFresh2012/statics/style.css
HTTP_REFERER=http://localhost/NcuFresh2012/
---
2012/05/29 11:57:03 [error] [exception.CHttpException.404] exception 'CHttpException' with message 'Unable to resolve the request "statics/print.css".' in D:\Developments\Environment\Websites\Frameworks\Yii\web\CWebApplication.php:280
Stack trace:
#0 D:\Developments\Environment\Websites\Frameworks\Yii\web\CWebApplication.php(135): CWebApplication->runController('statics/print.c...')
#1 D:\Developments\Environment\Websites\Frameworks\Yii\base\CApplication.php(162): CWebApplication->processRequest()
#2 D:\Developments\Website\NcuFresh2012\index.php(13): CApplication->run()
#3 {main}
REQUEST_URI=/NcuFresh2012/statics/print.css
HTTP_REFERER=http://localhost/NcuFresh2012/
---
2012/05/29 11:57:08 [error] [exception.CHttpException.404] exception 'CHttpException' with message 'Unable to resolve the request "statics/style.css".' in D:\Developments\Environment\Websites\Frameworks\Yii\web\CWebApplication.php:280
Stack trace:
#0 D:\Developments\Environment\Websites\Frameworks\Yii\web\CWebApplication.php(135): CWebApplication->runController('statics/style.c...')
#1 D:\Developments\Environment\Websites\Frameworks\Yii\base\CApplication.php(162): CWebApplication->processRequest()
#2 D:\Developments\Website\NcuFresh2012\index.php(13): CApplication->run()
#3 {main}
REQUEST_URI=/NcuFresh2012/statics/style.css
HTTP_REFERER=http://localhost/NcuFresh2012/
---
2012/05/29 11:57:08 [error] [exception.CHttpException.404] exception 'CHttpException' with message 'Unable to resolve the request "statics/print.css".' in D:\Developments\Environment\Websites\Frameworks\Yii\web\CWebApplication.php:280
Stack trace:
#0 D:\Developments\Environment\Websites\Frameworks\Yii\web\CWebApplication.php(135): CWebApplication->runController('statics/print.c...')
#1 D:\Developments\Environment\Websites\Frameworks\Yii\base\CApplication.php(162): CWebApplication->processRequest()
#2 D:\Developments\Website\NcuFresh2012\index.php(13): CApplication->run()
#3 {main}
REQUEST_URI=/NcuFresh2012/statics/print.css
HTTP_REFERER=http://localhost/NcuFresh2012/
---
2012/05/29 11:57:09 [error] [exception.CHttpException.404] exception 'CHttpException' with message 'Unable to resolve the request "statics/style.css".' in D:\Developments\Environment\Websites\Frameworks\Yii\web\CWebApplication.php:280
Stack trace:
#0 D:\Developments\Environment\Websites\Frameworks\Yii\web\CWebApplication.php(135): CWebApplication->runController('statics/style.c...')
#1 D:\Developments\Environment\Websites\Frameworks\Yii\base\CApplication.php(162): CWebApplication->processRequest()
#2 D:\Developments\Website\NcuFresh2012\index.php(13): CApplication->run()
#3 {main}
REQUEST_URI=/NcuFresh2012/statics/style.css
HTTP_REFERER=http://localhost/NcuFresh2012/
---
2012/05/29 11:57:09 [error] [exception.CHttpException.404] exception 'CHttpException' with message 'Unable to resolve the request "statics/print.css".' in D:\Developments\Environment\Websites\Frameworks\Yii\web\CWebApplication.php:280
Stack trace:
#0 D:\Developments\Environment\Websites\Frameworks\Yii\web\CWebApplication.php(135): CWebApplication->runController('statics/print.c...')
#1 D:\Developments\Environment\Websites\Frameworks\Yii\base\CApplication.php(162): CWebApplication->processRequest()
#2 D:\Developments\Website\NcuFresh2012\index.php(13): CApplication->run()
#3 {main}
REQUEST_URI=/NcuFresh2012/statics/print.css
HTTP_REFERER=http://localhost/NcuFresh2012/
---
2012/05/29 11:58:51 [error] [exception.CHttpException.404] exception 'CHttpException' with message 'Unable to resolve the request "statics/style.css".' in D:\Developments\Environment\Websites\Frameworks\Yii\web\CWebApplication.php:280
Stack trace:
#0 D:\Developments\Environment\Websites\Frameworks\Yii\web\CWebApplication.php(135): CWebApplication->runController('statics/style.c...')
#1 D:\Developments\Environment\Websites\Frameworks\Yii\base\CApplication.php(162): CWebApplication->processRequest()
#2 D:\Developments\Website\NcuFresh2012\index.php(13): CApplication->run()
#3 {main}
REQUEST_URI=/NcuFresh2012/statics/style.css
HTTP_REFERER=http://localhost/NcuFresh2012/
---
2012/05/29 11:58:51 [error] [exception.CHttpException.404] exception 'CHttpException' with message 'Unable to resolve the request "statics/print.css".' in D:\Developments\Environment\Websites\Frameworks\Yii\web\CWebApplication.php:280
Stack trace:
#0 D:\Developments\Environment\Websites\Frameworks\Yii\web\CWebApplication.php(135): CWebApplication->runController('statics/print.c...')
#1 D:\Developments\Environment\Websites\Frameworks\Yii\base\CApplication.php(162): CWebApplication->processRequest()
#2 D:\Developments\Website\NcuFresh2012\index.php(13): CApplication->run()
#3 {main}
REQUEST_URI=/NcuFresh2012/statics/print.css
HTTP_REFERER=http://localhost/NcuFresh2012/
---
2012/05/29 11:58:56 [error] [exception.CHttpException.404] exception 'CHttpException' with message 'Unable to resolve the request "statics/style.css".' in D:\Developments\Environment\Websites\Frameworks\Yii\web\CWebApplication.php:280
Stack trace:
#0 D:\Developments\Environment\Websites\Frameworks\Yii\web\CWebApplication.php(135): CWebApplication->runController('statics/style.c...')
#1 D:\Developments\Environment\Websites\Frameworks\Yii\base\CApplication.php(162): CWebApplication->processRequest()
#2 D:\Developments\Website\NcuFresh2012\index.php(13): CApplication->run()
#3 {main}
REQUEST_URI=/NcuFresh2012/statics/style.css
HTTP_REFERER=http://localhost/NcuFresh2012/
---
2012/05/29 11:58:56 [error] [exception.CHttpException.404] exception 'CHttpException' with message 'Unable to resolve the request "statics/print.css".' in D:\Developments\Environment\Websites\Frameworks\Yii\web\CWebApplication.php:280
Stack trace:
#0 D:\Developments\Environment\Websites\Frameworks\Yii\web\CWebApplication.php(135): CWebApplication->runController('statics/print.c...')
#1 D:\Developments\Environment\Websites\Frameworks\Yii\base\CApplication.php(162): CWebApplication->processRequest()
#2 D:\Developments\Website\NcuFresh2012\index.php(13): CApplication->run()
#3 {main}
REQUEST_URI=/NcuFresh2012/statics/print.css
HTTP_REFERER=http://localhost/NcuFresh2012/
---
2012/05/29 11:59:15 [error] [exception.CHttpException.404] exception 'CHttpException' with message 'Unable to resolve the request "statics/style.css".' in D:\Developments\Environment\Websites\Frameworks\Yii\web\CWebApplication.php:280
Stack trace:
#0 D:\Developments\Environment\Websites\Frameworks\Yii\web\CWebApplication.php(135): CWebApplication->runController('statics/style.c...')
#1 D:\Developments\Environment\Websites\Frameworks\Yii\base\CApplication.php(162): CWebApplication->processRequest()
#2 D:\Developments\Website\NcuFresh2012\index.php(13): CApplication->run()
#3 {main}
REQUEST_URI=/NcuFresh2012/statics/style.css
HTTP_REFERER=http://localhost/NcuFresh2012/
---
2012/05/29 11:59:15 [error] [exception.CHttpException.404] exception 'CHttpException' with message 'Unable to resolve the request "statics/print.css".' in D:\Developments\Environment\Websites\Frameworks\Yii\web\CWebApplication.php:280
Stack trace:
#0 D:\Developments\Environment\Websites\Frameworks\Yii\web\CWebApplication.php(135): CWebApplication->runController('statics/print.c...')
#1 D:\Developments\Environment\Websites\Frameworks\Yii\base\CApplication.php(162): CWebApplication->processRequest()
#2 D:\Developments\Website\NcuFresh2012\index.php(13): CApplication->run()
#3 {main}
REQUEST_URI=/NcuFresh2012/statics/print.css
HTTP_REFERER=http://localhost/NcuFresh2012/
---
2012/05/29 11:59:47 [error] [exception.CHttpException.404] exception 'CHttpException' with message 'Unable to resolve the request "statics/style.css".' in D:\Developments\Environment\Websites\Frameworks\Yii\web\CWebApplication.php:280
Stack trace:
#0 D:\Developments\Environment\Websites\Frameworks\Yii\web\CWebApplication.php(135): CWebApplication->runController('statics/style.c...')
#1 D:\Developments\Environment\Websites\Frameworks\Yii\base\CApplication.php(162): CWebApplication->processRequest()
#2 D:\Developments\Website\NcuFresh2012\index.php(13): CApplication->run()
#3 {main}
REQUEST_URI=/NcuFresh2012/statics/style.css
HTTP_REFERER=http://localhost/NcuFresh2012/
---
2012/05/29 11:59:47 [error] [exception.CHttpException.404] exception 'CHttpException' with message 'Unable to resolve the request "statics/print.css".' in D:\Developments\Environment\Websites\Frameworks\Yii\web\CWebApplication.php:280
Stack trace:
#0 D:\Developments\Environment\Websites\Frameworks\Yii\web\CWebApplication.php(135): CWebApplication->runController('statics/print.c...')
#1 D:\Developments\Environment\Websites\Frameworks\Yii\base\CApplication.php(162): CWebApplication->processRequest()
#2 D:\Developments\Website\NcuFresh2012\index.php(13): CApplication->run()
#3 {main}
REQUEST_URI=/NcuFresh2012/statics/print.css
HTTP_REFERER=http://localhost/NcuFresh2012/
---
2012/05/29 12:00:53 [error] [exception.CHttpException.404] exception 'CHttpException' with message 'Unable to resolve the request "statics/style.css".' in D:\Developments\Environment\Websites\Frameworks\Yii\web\CWebApplication.php:280
Stack trace:
#0 D:\Developments\Environment\Websites\Frameworks\Yii\web\CWebApplication.php(135): CWebApplication->runController('statics/style.c...')
#1 D:\Developments\Environment\Websites\Frameworks\Yii\base\CApplication.php(162): CWebApplication->processRequest()
#2 D:\Developments\Website\NcuFresh2012\index.php(13): CApplication->run()
#3 {main}
REQUEST_URI=/NcuFresh2012/statics/style.css
HTTP_REFERER=http://localhost/NcuFresh2012/
---
2012/05/29 12:00:53 [error] [exception.CHttpException.404] exception 'CHttpException' with message 'Unable to resolve the request "statics/print.css".' in D:\Developments\Environment\Websites\Frameworks\Yii\web\CWebApplication.php:280
Stack trace:
#0 D:\Developments\Environment\Websites\Frameworks\Yii\web\CWebApplication.php(135): CWebApplication->runController('statics/print.c...')
#1 D:\Developments\Environment\Websites\Frameworks\Yii\base\CApplication.php(162): CWebApplication->processRequest()
#2 D:\Developments\Website\NcuFresh2012\index.php(13): CApplication->run()
#3 {main}
REQUEST_URI=/NcuFresh2012/statics/print.css
HTTP_REFERER=http://localhost/NcuFresh2012/
---
2012/05/29 12:00:53 [error] [exception.CHttpException.404] exception 'CHttpException' with message 'Unable to resolve the request "statics/print.css".' in D:\Developments\Environment\Websites\Frameworks\Yii\web\CWebApplication.php:280
Stack trace:
#0 D:\Developments\Environment\Websites\Frameworks\Yii\web\CWebApplication.php(135): CWebApplication->runController('statics/print.c...')
#1 D:\Developments\Environment\Websites\Frameworks\Yii\base\CApplication.php(162): CWebApplication->processRequest()
#2 D:\Developments\Website\NcuFresh2012\index.php(13): CApplication->run()
#3 {main}
REQUEST_URI=/NcuFresh2012/statics/print.css
HTTP_REFERER=http://localhost/NcuFresh2012/
---
2012/05/29 12:00:53 [error] [exception.CHttpException.404] exception 'CHttpException' with message 'Unable to resolve the request "statics/style.css".' in D:\Developments\Environment\Websites\Frameworks\Yii\web\CWebApplication.php:280
Stack trace:
#0 D:\Developments\Environment\Websites\Frameworks\Yii\web\CWebApplication.php(135): CWebApplication->runController('statics/style.c...')
#1 D:\Developments\Environment\Websites\Frameworks\Yii\base\CApplication.php(162): CWebApplication->processRequest()
#2 D:\Developments\Website\NcuFresh2012\index.php(13): CApplication->run()
#3 {main}
REQUEST_URI=/NcuFresh2012/statics/style.css
HTTP_REFERER=http://localhost/NcuFresh2012/
---
2012/05/29 12:02:37 [error] [exception.CHttpException.404] exception 'CHttpException' with message 'Unable to resolve the request "statics/style.css".' in D:\Developments\Environment\Websites\Frameworks\Yii\web\CWebApplication.php:280
Stack trace:
#0 D:\Developments\Environment\Websites\Frameworks\Yii\web\CWebApplication.php(135): CWebApplication->runController('statics/style.c...')
#1 D:\Developments\Environment\Websites\Frameworks\Yii\base\CApplication.php(162): CWebApplication->processRequest()
#2 D:\Developments\Website\NcuFresh2012\index.php(13): CApplication->run()
#3 {main}
REQUEST_URI=/NcuFresh2012/statics/style.css
HTTP_REFERER=http://localhost/NcuFresh2012/
---
2012/05/29 12:02:37 [error] [exception.CHttpException.404] exception 'CHttpException' with message 'Unable to resolve the request "statics/print.css".' in D:\Developments\Environment\Websites\Frameworks\Yii\web\CWebApplication.php:280
Stack trace:
#0 D:\Developments\Environment\Websites\Frameworks\Yii\web\CWebApplication.php(135): CWebApplication->runController('statics/print.c...')
#1 D:\Developments\Environment\Websites\Frameworks\Yii\base\CApplication.php(162): CWebApplication->processRequest()
#2 D:\Developments\Website\NcuFresh2012\index.php(13): CApplication->run()
#3 {main}
REQUEST_URI=/NcuFresh2012/statics/print.css
HTTP_REFERER=http://localhost/NcuFresh2012/
---
2012/05/29 12:02:38 [error] [exception.CHttpException.404] exception 'CHttpException' with message 'Unable to resolve the request "statics/print.css".' in D:\Developments\Environment\Websites\Frameworks\Yii\web\CWebApplication.php:280
Stack trace:
#0 D:\Developments\Environment\Websites\Frameworks\Yii\web\CWebApplication.php(135): CWebApplication->runController('statics/print.c...')
#1 D:\Developments\Environment\Websites\Frameworks\Yii\base\CApplication.php(162): CWebApplication->processRequest()
#2 D:\Developments\Website\NcuFresh2012\index.php(13): CApplication->run()
#3 {main}
REQUEST_URI=/NcuFresh2012/statics/print.css
HTTP_REFERER=http://localhost/NcuFresh2012/
---
2012/05/29 12:02:38 [error] [exception.CHttpException.404] exception 'CHttpException' with message 'Unable to resolve the request "statics/style.css".' in D:\Developments\Environment\Websites\Frameworks\Yii\web\CWebApplication.php:280
Stack trace:
#0 D:\Developments\Environment\Websites\Frameworks\Yii\web\CWebApplication.php(135): CWebApplication->runController('statics/style.c...')
#1 D:\Developments\Environment\Websites\Frameworks\Yii\base\CApplication.php(162): CWebApplication->processRequest()
#2 D:\Developments\Website\NcuFresh2012\index.php(13): CApplication->run()
#3 {main}
REQUEST_URI=/NcuFresh2012/statics/style.css
HTTP_REFERER=http://localhost/NcuFresh2012/
---
2012/05/29 12:02:38 [error] [exception.CHttpException.404] exception 'CHttpException' with message 'Unable to resolve the request "statics/style.css".' in D:\Developments\Environment\Websites\Frameworks\Yii\web\CWebApplication.php:280
Stack trace:
#0 D:\Developments\Environment\Websites\Frameworks\Yii\web\CWebApplication.php(135): CWebApplication->runController('statics/style.c...')
#1 D:\Developments\Environment\Websites\Frameworks\Yii\base\CApplication.php(162): CWebApplication->processRequest()
#2 D:\Developments\Website\NcuFresh2012\index.php(13): CApplication->run()
#3 {main}
REQUEST_URI=/NcuFresh2012/statics/style.css
HTTP_REFERER=http://localhost/NcuFresh2012/
---
2012/05/29 12:02:38 [error] [exception.CHttpException.404] exception 'CHttpException' with message 'Unable to resolve the request "statics/print.css".' in D:\Developments\Environment\Websites\Frameworks\Yii\web\CWebApplication.php:280
Stack trace:
#0 D:\Developments\Environment\Websites\Frameworks\Yii\web\CWebApplication.php(135): CWebApplication->runController('statics/print.c...')
#1 D:\Developments\Environment\Websites\Frameworks\Yii\base\CApplication.php(162): CWebApplication->processRequest()
#2 D:\Developments\Website\NcuFresh2012\index.php(13): CApplication->run()
#3 {main}
REQUEST_URI=/NcuFresh2012/statics/print.css
HTTP_REFERER=http://localhost/NcuFresh2012/
---
2012/05/29 12:02:42 [error] [exception.CHttpException.404] exception 'CHttpException' with message 'Unable to resolve the request "statics/style.css".' in D:\Developments\Environment\Websites\Frameworks\Yii\web\CWebApplication.php:280
Stack trace:
#0 D:\Developments\Environment\Websites\Frameworks\Yii\web\CWebApplication.php(135): CWebApplication->runController('statics/style.c...')
#1 D:\Developments\Environment\Websites\Frameworks\Yii\base\CApplication.php(162): CWebApplication->processRequest()
#2 D:\Developments\Website\NcuFresh2012\index.php(13): CApplication->run()
#3 {main}
REQUEST_URI=/NcuFresh2012/statics/style.css
HTTP_REFERER=http://localhost/NcuFresh2012/
---
2012/05/29 12:02:42 [error] [exception.CHttpException.404] exception 'CHttpException' with message 'Unable to resolve the request "statics/print.css".' in D:\Developments\Environment\Websites\Frameworks\Yii\web\CWebApplication.php:280
Stack trace:
#0 D:\Developments\Environment\Websites\Frameworks\Yii\web\CWebApplication.php(135): CWebApplication->runController('statics/print.c...')
#1 D:\Developments\Environment\Websites\Frameworks\Yii\base\CApplication.php(162): CWebApplication->processRequest()
#2 D:\Developments\Website\NcuFresh2012\index.php(13): CApplication->run()
#3 {main}
REQUEST_URI=/NcuFresh2012/statics/print.css
HTTP_REFERER=http://localhost/NcuFresh2012/
---
2012/05/29 12:02:49 [error] [exception.CHttpException.404] exception 'CHttpException' with message 'Unable to resolve the request "statics/print.css".' in D:\Developments\Environment\Websites\Frameworks\Yii\web\CWebApplication.php:280
Stack trace:
#0 D:\Developments\Environment\Websites\Frameworks\Yii\web\CWebApplication.php(135): CWebApplication->runController('statics/print.c...')
#1 D:\Developments\Environment\Websites\Frameworks\Yii\base\CApplication.php(162): CWebApplication->processRequest()
#2 D:\Developments\Website\NcuFresh2012\index.php(13): CApplication->run()
#3 {main}
REQUEST_URI=/NcuFresh2012/statics/print.css
HTTP_REFERER=http://localhost/NcuFresh2012/
---
2012/05/29 12:02:49 [error] [exception.CHttpException.404] exception 'CHttpException' with message 'Unable to resolve the request "statics/style.css".' in D:\Developments\Environment\Websites\Frameworks\Yii\web\CWebApplication.php:280
Stack trace:
#0 D:\Developments\Environment\Websites\Frameworks\Yii\web\CWebApplication.php(135): CWebApplication->runController('statics/style.c...')
#1 D:\Developments\Environment\Websites\Frameworks\Yii\base\CApplication.php(162): CWebApplication->processRequest()
#2 D:\Developments\Website\NcuFresh2012\index.php(13): CApplication->run()
#3 {main}
REQUEST_URI=/NcuFresh2012/statics/style.css
HTTP_REFERER=http://localhost/NcuFresh2012/
---
2012/05/29 12:03:11 [error] [exception.CHttpException.404] exception 'CHttpException' with message 'Unable to resolve the request "statics/style.css".' in D:\Developments\Environment\Websites\Frameworks\Yii\web\CWebApplication.php:280
Stack trace:
#0 D:\Developments\Environment\Websites\Frameworks\Yii\web\CWebApplication.php(135): CWebApplication->runController('statics/style.c...')
#1 D:\Developments\Environment\Websites\Frameworks\Yii\base\CApplication.php(162): CWebApplication->processRequest()
#2 D:\Developments\Website\NcuFresh2012\index.php(13): CApplication->run()
#3 {main}
REQUEST_URI=/NcuFresh2012/statics/style.css
HTTP_REFERER=http://localhost/NcuFresh2012/
---
2012/05/29 12:03:11 [error] [exception.CHttpException.404] exception 'CHttpException' with message 'Unable to resolve the request "statics/print.css".' in D:\Developments\Environment\Websites\Frameworks\Yii\web\CWebApplication.php:280
Stack trace:
#0 D:\Developments\Environment\Websites\Frameworks\Yii\web\CWebApplication.php(135): CWebApplication->runController('statics/print.c...')
#1 D:\Developments\Environment\Websites\Frameworks\Yii\base\CApplication.php(162): CWebApplication->processRequest()
#2 D:\Developments\Website\NcuFresh2012\index.php(13): CApplication->run()
#3 {main}
REQUEST_URI=/NcuFresh2012/statics/print.css
HTTP_REFERER=http://localhost/NcuFresh2012/
---
2012/05/29 12:04:39 [error] [exception.CHttpException.404] exception 'CHttpException' with message 'Unable to resolve the request "statics/style.css".' in D:\Developments\Environment\Websites\Frameworks\Yii\web\CWebApplication.php:280
Stack trace:
#0 D:\Developments\Environment\Websites\Frameworks\Yii\web\CWebApplication.php(135): CWebApplication->runController('statics/style.c...')
#1 D:\Developments\Environment\Websites\Frameworks\Yii\base\CApplication.php(162): CWebApplication->processRequest()
#2 D:\Developments\Website\NcuFresh2012\index.php(13): CApplication->run()
#3 {main}
REQUEST_URI=/NcuFresh2012/statics/style.css
HTTP_REFERER=http://localhost/NcuFresh2012/
---
2012/05/29 12:04:39 [error] [exception.CHttpException.404] exception 'CHttpException' with message 'Unable to resolve the request "statics/print.css".' in D:\Developments\Environment\Websites\Frameworks\Yii\web\CWebApplication.php:280
Stack trace:
#0 D:\Developments\Environment\Websites\Frameworks\Yii\web\CWebApplication.php(135): CWebApplication->runController('statics/print.c...')
#1 D:\Developments\Environment\Websites\Frameworks\Yii\base\CApplication.php(162): CWebApplication->processRequest()
#2 D:\Developments\Website\NcuFresh2012\index.php(13): CApplication->run()
#3 {main}
REQUEST_URI=/NcuFresh2012/statics/print.css
HTTP_REFERER=http://localhost/NcuFresh2012/
---
2012/05/29 12:05:46 [error] [exception.CHttpException.404] exception 'CHttpException' with message 'Unable to resolve the request "statics/style.css".' in D:\Developments\Environment\Websites\Frameworks\Yii\web\CWebApplication.php:280
Stack trace:
#0 D:\Developments\Environment\Websites\Frameworks\Yii\web\CWebApplication.php(135): CWebApplication->runController('statics/style.c...')
#1 D:\Developments\Environment\Websites\Frameworks\Yii\base\CApplication.php(162): CWebApplication->processRequest()
#2 D:\Developments\Website\NcuFresh2012\index.php(13): CApplication->run()
#3 {main}
REQUEST_URI=/NcuFresh2012/statics/style.css
HTTP_REFERER=http://localhost/NcuFresh2012/
---
2012/05/29 12:05:46 [error] [exception.CHttpException.404] exception 'CHttpException' with message 'Unable to resolve the request "statics/print.css".' in D:\Developments\Environment\Websites\Frameworks\Yii\web\CWebApplication.php:280
Stack trace:
#0 D:\Developments\Environment\Websites\Frameworks\Yii\web\CWebApplication.php(135): CWebApplication->runController('statics/print.c...')
#1 D:\Developments\Environment\Websites\Frameworks\Yii\base\CApplication.php(162): CWebApplication->processRequest()
#2 D:\Developments\Website\NcuFresh2012\index.php(13): CApplication->run()
#3 {main}
REQUEST_URI=/NcuFresh2012/statics/print.css
HTTP_REFERER=http://localhost/NcuFresh2012/
---
2012/05/29 12:06:46 [error] [exception.CHttpException.404] exception 'CHttpException' with message 'Unable to resolve the request "statics/style.css".' in D:\Developments\Environment\Websites\Frameworks\Yii\web\CWebApplication.php:280
Stack trace:
#0 D:\Developments\Environment\Websites\Frameworks\Yii\web\CWebApplication.php(135): CWebApplication->runController('statics/style.c...')
#1 D:\Developments\Environment\Websites\Frameworks\Yii\base\CApplication.php(162): CWebApplication->processRequest()
#2 D:\Developments\Website\NcuFresh2012\index.php(13): CApplication->run()
#3 {main}
REQUEST_URI=/NcuFresh2012/statics/style.css
HTTP_REFERER=http://localhost/NcuFresh2012/
---
2012/05/29 12:06:46 [error] [exception.CHttpException.404] exception 'CHttpException' with message 'Unable to resolve the request "statics/print.css".' in D:\Developments\Environment\Websites\Frameworks\Yii\web\CWebApplication.php:280
Stack trace:
#0 D:\Developments\Environment\Websites\Frameworks\Yii\web\CWebApplication.php(135): CWebApplication->runController('statics/print.c...')
#1 D:\Developments\Environment\Websites\Frameworks\Yii\base\CApplication.php(162): CWebApplication->processRequest()
#2 D:\Developments\Website\NcuFresh2012\index.php(13): CApplication->run()
#3 {main}
REQUEST_URI=/NcuFresh2012/statics/print.css
HTTP_REFERER=http://localhost/NcuFresh2012/
---
2012/05/29 12:07:00 [error] [exception.CHttpException.404] exception 'CHttpException' with message 'Unable to resolve the request "statics/style.css".' in D:\Developments\Environment\Websites\Frameworks\Yii\web\CWebApplication.php:280
Stack trace:
#0 D:\Developments\Environment\Websites\Frameworks\Yii\web\CWebApplication.php(135): CWebApplication->runController('statics/style.c...')
#1 D:\Developments\Environment\Websites\Frameworks\Yii\base\CApplication.php(162): CWebApplication->processRequest()
#2 D:\Developments\Website\NcuFresh2012\index.php(13): CApplication->run()
#3 {main}
REQUEST_URI=/NcuFresh2012/statics/style.css
HTTP_REFERER=http://localhost/NcuFresh2012/
---
2012/05/29 12:07:00 [error] [exception.CHttpException.404] exception 'CHttpException' with message 'Unable to resolve the request "statics/print.css".' in D:\Developments\Environment\Websites\Frameworks\Yii\web\CWebApplication.php:280
Stack trace:
#0 D:\Developments\Environment\Websites\Frameworks\Yii\web\CWebApplication.php(135): CWebApplication->runController('statics/print.c...')
#1 D:\Developments\Environment\Websites\Frameworks\Yii\base\CApplication.php(162): CWebApplication->processRequest()
#2 D:\Developments\Website\NcuFresh2012\index.php(13): CApplication->run()
#3 {main}
REQUEST_URI=/NcuFresh2012/statics/print.css
HTTP_REFERER=http://localhost/NcuFresh2012/
---
2012/05/29 12:07:10 [error] [exception.CHttpException.404] exception 'CHttpException' with message 'Unable to resolve the request "statics/print.css".' in D:\Developments\Environment\Websites\Frameworks\Yii\web\CWebApplication.php:280
Stack trace:
#0 D:\Developments\Environment\Websites\Frameworks\Yii\web\CWebApplication.php(135): CWebApplication->runController('statics/print.c...')
#1 D:\Developments\Environment\Websites\Frameworks\Yii\base\CApplication.php(162): CWebApplication->processRequest()
#2 D:\Developments\Website\NcuFresh2012\index.php(13): CApplication->run()
#3 {main}
REQUEST_URI=/NcuFresh2012/statics/print.css
HTTP_REFERER=http://localhost/NcuFresh2012/
---
2012/05/29 12:07:10 [error] [exception.CHttpException.404] exception 'CHttpException' with message 'Unable to resolve the request "statics/style.css".' in D:\Developments\Environment\Websites\Frameworks\Yii\web\CWebApplication.php:280
Stack trace:
#0 D:\Developments\Environment\Websites\Frameworks\Yii\web\CWebApplication.php(135): CWebApplication->runController('statics/style.c...')
#1 D:\Developments\Environment\Websites\Frameworks\Yii\base\CApplication.php(162): CWebApplication->processRequest()
#2 D:\Developments\Website\NcuFresh2012\index.php(13): CApplication->run()
#3 {main}
REQUEST_URI=/NcuFresh2012/statics/style.css
HTTP_REFERER=http://localhost/NcuFresh2012/
---
2012/05/30 14:13:36 [error] [exception.CHttpException.404] exception 'CHttpException' with message 'Unable to resolve the request "statics/style.css".' in D:\Developments\Environment\Websites\Frameworks\Yii\web\CWebApplication.php:280
Stack trace:
#0 D:\Developments\Environment\Websites\Frameworks\Yii\web\CWebApplication.php(135): CWebApplication->runController('statics/style.c...')
#1 D:\Developments\Environment\Websites\Frameworks\Yii\base\CApplication.php(162): CWebApplication->processRequest()
#2 D:\Developments\Website\NcuFresh2012\index.php(13): CApplication->run()
#3 {main}
REQUEST_URI=/NcuFresh2012/statics/style.css
HTTP_REFERER=http://localhost/NcuFresh2012/
---
2012/05/30 14:13:37 [error] [exception.CHttpException.404] exception 'CHttpException' with message 'Unable to resolve the request "statics/print.css".' in D:\Developments\Environment\Websites\Frameworks\Yii\web\CWebApplication.php:280
Stack trace:
#0 D:\Developments\Environment\Websites\Frameworks\Yii\web\CWebApplication.php(135): CWebApplication->runController('statics/print.c...')
#1 D:\Developments\Environment\Websites\Frameworks\Yii\base\CApplication.php(162): CWebApplication->processRequest()
#2 D:\Developments\Website\NcuFresh2012\index.php(13): CApplication->run()
#3 {main}
REQUEST_URI=/NcuFresh2012/statics/print.css
HTTP_REFERER=http://localhost/NcuFresh2012/
---
2012/05/30 14:15:35 [error] [exception.CHttpException.404] exception 'CHttpException' with message 'Unable to resolve the request "statics/style.css".' in D:\Developments\Environment\Websites\Frameworks\Yii\web\CWebApplication.php:280
Stack trace:
#0 D:\Developments\Environment\Websites\Frameworks\Yii\web\CWebApplication.php(135): CWebApplication->runController('statics/style.c...')
#1 D:\Developments\Environment\Websites\Frameworks\Yii\base\CApplication.php(162): CWebApplication->processRequest()
#2 D:\Developments\Website\NcuFresh2012\index.php(13): CApplication->run()
#3 {main}
REQUEST_URI=/NcuFresh2012/statics/style.css
HTTP_REFERER=http://localhost/NcuFresh2012/
---
2012/05/30 14:15:35 [error] [exception.CHttpException.404] exception 'CHttpException' with message 'Unable to resolve the request "statics/print.css".' in D:\Developments\Environment\Websites\Frameworks\Yii\web\CWebApplication.php:280
Stack trace:
#0 D:\Developments\Environment\Websites\Frameworks\Yii\web\CWebApplication.php(135): CWebApplication->runController('statics/print.c...')
#1 D:\Developments\Environment\Websites\Frameworks\Yii\base\CApplication.php(162): CWebApplication->processRequest()
#2 D:\Developments\Website\NcuFresh2012\index.php(13): CApplication->run()
#3 {main}
REQUEST_URI=/NcuFresh2012/statics/print.css
HTTP_REFERER=http://localhost/NcuFresh2012/
---
